

Started GET "/" for 127.0.0.1 at 2023-12-06 07:29:35 -0500


Started GET "/movies" for 127.0.0.1 at 2023-12-06 07:29:35 -0500
Processing by MoviesController#index as HTML
Redirected to http://localhost:3000/movies?ratings%5BG%5D=1&ratings%5BPG%5D=1&ratings%5BPG-13%5D=1&ratings%5BR%5D=1&sort_by=id
Filter chain halted as :force_index_redirect rendered or redirected
Completed 302 Found in 33ms (ActiveRecord: 0.0ms)


Started GET "/movies?ratings%5BG%5D=1&ratings%5BPG%5D=1&ratings%5BPG-13%5D=1&ratings%5BR%5D=1&sort_by=id" for 127.0.0.1 at 2023-12-06 07:29:35 -0500
Processing by MoviesController#index as HTML
  Parameters: {"ratings"=>{"G"=>"1", "PG"=>"1", "PG-13"=>"1", "R"=>"1"}, "sort_by"=>"id"}
  [1m[36mMovie Load (1.4ms)[0m  [1mSELECT "movies".* FROM "movies" WHERE "movies"."rating" IN ('G', 'PG', 'PG-13', 'R')  ORDER BY id[0m
  Rendered movies/index.html.erb within layouts/application (15.4ms)
Completed 500 Internal Server Error in 35ms (ActiveRecord: 2.3ms)

ActionView::Template::Error (SQLite3::SQLException: no such table: movies: SELECT "movies".* FROM "movies" WHERE "movies"."rating" IN ('G', 'PG', 'PG-13', 'R')  ORDER BY id):
    33:     </tr>
    34:   </thead>
    35:   <tbody>
    36:     <% @movies.each do |movie| %>
    37:       <tr>
    38:         <td>
    39:           <%= movie.title %>
  app/views/movies/index.html.erb:36:in `_app_views_movies_index_html_erb__892974779162833630_47311098653780'


  Rendered .bundle/gems/actionpack-4.2.11/lib/action_dispatch/middleware/templates/rescues/_source.erb (4.3ms)
  Rendered .bundle/gems/actionpack-4.2.11/lib/action_dispatch/middleware/templates/rescues/_trace.html.erb (1.5ms)
  Rendered .bundle/gems/actionpack-4.2.11/lib/action_dispatch/middleware/templates/rescues/_request_and_response.html.erb (0.6ms)
  Rendered .bundle/gems/actionpack-4.2.11/lib/action_dispatch/middleware/templates/rescues/template_error.html.erb within rescues/layout (12.6ms)
  Rendered .bundle/gems/web-console-2.3.0/lib/web_console/templates/_markup.html.erb (0.2ms)
  Rendered .bundle/gems/web-console-2.3.0/lib/web_console/templates/_inner_console_markup.html.erb within layouts/inlined_string (0.3ms)
  Rendered .bundle/gems/web-console-2.3.0/lib/web_console/templates/_prompt_box_markup.html.erb within layouts/inlined_string (0.3ms)
  Rendered .bundle/gems/web-console-2.3.0/lib/web_console/templates/style.css.erb within layouts/inlined_string (0.1ms)
  Rendered .bundle/gems/web-console-2.3.0/lib/web_console/templates/console.js.erb within layouts/javascript (11.4ms)
  Rendered .bundle/gems/web-console-2.3.0/lib/web_console/templates/main.js.erb within layouts/javascript (0.2ms)
  Rendered .bundle/gems/web-console-2.3.0/lib/web_console/templates/error_page.js.erb within layouts/javascript (0.2ms)
  Rendered .bundle/gems/web-console-2.3.0/lib/web_console/templates/index.html.erb (20.2ms)


Started GET "/" for 127.0.0.1 at 2023-12-06 07:30:06 -0500


Started GET "/movies" for 127.0.0.1 at 2023-12-06 07:30:06 -0500
Processing by MoviesController#index as HTML
Redirected to http://localhost:3000/movies?ratings%5BG%5D=1&ratings%5BPG%5D=1&ratings%5BPG-13%5D=1&ratings%5BR%5D=1&sort_by=id
Filter chain halted as :force_index_redirect rendered or redirected
Completed 302 Found in 19ms (ActiveRecord: 0.0ms)


Started GET "/movies?ratings%5BG%5D=1&ratings%5BPG%5D=1&ratings%5BPG-13%5D=1&ratings%5BR%5D=1&sort_by=id" for 127.0.0.1 at 2023-12-06 07:30:06 -0500
Processing by MoviesController#index as HTML
  Parameters: {"ratings"=>{"G"=>"1", "PG"=>"1", "PG-13"=>"1", "R"=>"1"}, "sort_by"=>"id"}
  [1m[36mMovie Load (0.6ms)[0m  [1mSELECT "movies".* FROM "movies" WHERE "movies"."rating" IN ('G', 'PG', 'PG-13', 'R')  ORDER BY id[0m
  Rendered movies/index.html.erb within layouts/application (8.6ms)
Completed 500 Internal Server Error in 22ms (ActiveRecord: 2.4ms)

ActionView::Template::Error (SQLite3::SQLException: no such table: movies: SELECT "movies".* FROM "movies" WHERE "movies"."rating" IN ('G', 'PG', 'PG-13', 'R')  ORDER BY id):
    33:     </tr>
    34:   </thead>
    35:   <tbody>
    36:     <% @movies.each do |movie| %>
    37:       <tr>
    38:         <td>
    39:           <%= movie.title %>
  app/views/movies/index.html.erb:36:in `_app_views_movies_index_html_erb___473855894351784484_47365919691400'


  Rendered .bundle/gems/actionpack-4.2.11/lib/action_dispatch/middleware/templates/rescues/_source.erb (4.6ms)
  Rendered .bundle/gems/actionpack-4.2.11/lib/action_dispatch/middleware/templates/rescues/_trace.html.erb (2.6ms)
  Rendered .bundle/gems/actionpack-4.2.11/lib/action_dispatch/middleware/templates/rescues/_request_and_response.html.erb (0.7ms)
  Rendered .bundle/gems/actionpack-4.2.11/lib/action_dispatch/middleware/templates/rescues/template_error.html.erb within rescues/layout (14.8ms)
  Rendered .bundle/gems/web-console-2.3.0/lib/web_console/templates/_markup.html.erb (0.5ms)
  Rendered .bundle/gems/web-console-2.3.0/lib/web_console/templates/_inner_console_markup.html.erb within layouts/inlined_string (0.5ms)
  Rendered .bundle/gems/web-console-2.3.0/lib/web_console/templates/_prompt_box_markup.html.erb within layouts/inlined_string (0.1ms)
  Rendered .bundle/gems/web-console-2.3.0/lib/web_console/templates/style.css.erb within layouts/inlined_string (0.2ms)
  Rendered .bundle/gems/web-console-2.3.0/lib/web_console/templates/console.js.erb within layouts/javascript (9.8ms)
  Rendered .bundle/gems/web-console-2.3.0/lib/web_console/templates/main.js.erb within layouts/javascript (0.2ms)
  Rendered .bundle/gems/web-console-2.3.0/lib/web_console/templates/error_page.js.erb within layouts/javascript (0.4ms)
  Rendered .bundle/gems/web-console-2.3.0/lib/web_console/templates/index.html.erb (20.6ms)
  [1m[36m (11.4ms)[0m  [1mCREATE TABLE "schema_migrations" ("version" varchar NOT NULL) [0m
  [1m[35m (0.1ms)[0m  select sqlite_version(*)
  [1m[36m (11.8ms)[0m  [1mCREATE UNIQUE INDEX "unique_schema_migrations" ON "schema_migrations" ("version")[0m
  [1m[35mActiveRecord::SchemaMigration Load (0.1ms)[0m  SELECT "schema_migrations".* FROM "schema_migrations"
Migrating to CreateMovies (20111119180638)
  [1m[36m (0.6ms)[0m  [1mbegin transaction[0m
DEPRECATION WARNING: `#timestamps` was called without specifying an option for `null`. In Rails 5, this behavior will change to `null: false`. You should manually specify `null: true` to prevent the behavior of your existing migrations from changing. (called from block in up at /home/miguelubuntu/Escritorio/PC5_CC3S2/PracticaCalificada5-CC3S2/BDD-Cucumber/db/migrate/20111119180638_create_movies.rb:10)
  [1m[35m (0.2ms)[0m  CREATE TABLE "movies" ("id" INTEGER PRIMARY KEY AUTOINCREMENT NOT NULL, "title" varchar, "rating" varchar, "description" text, "release_date" datetime, "created_at" datetime, "updated_at" datetime) 
  [1m[36mSQL (0.1ms)[0m  [1mINSERT INTO "schema_migrations" ("version") VALUES (?)[0m  [["version", "20111119180638"]]
  [1m[35m (11.4ms)[0m  commit transaction
  [1m[36mActiveRecord::SchemaMigration Load (0.0ms)[0m  [1mSELECT "schema_migrations".* FROM "schema_migrations"[0m


Started GET "/" for 127.0.0.1 at 2023-12-06 07:31:11 -0500


Started GET "/movies" for 127.0.0.1 at 2023-12-06 07:31:11 -0500
Processing by MoviesController#index as HTML
Redirected to http://localhost:3000/movies?ratings%5BG%5D=1&ratings%5BPG%5D=1&ratings%5BPG-13%5D=1&ratings%5BR%5D=1&sort_by=id
Filter chain halted as :force_index_redirect rendered or redirected
Completed 302 Found in 23ms (ActiveRecord: 0.0ms)


Started GET "/movies?ratings%5BG%5D=1&ratings%5BPG%5D=1&ratings%5BPG-13%5D=1&ratings%5BR%5D=1&sort_by=id" for 127.0.0.1 at 2023-12-06 07:31:11 -0500
Processing by MoviesController#index as HTML
  Parameters: {"ratings"=>{"G"=>"1", "PG"=>"1", "PG-13"=>"1", "R"=>"1"}, "sort_by"=>"id"}
  [1m[36mMovie Load (0.1ms)[0m  [1mSELECT "movies".* FROM "movies" WHERE "movies"."rating" IN ('G', 'PG', 'PG-13', 'R')  ORDER BY id[0m
  Rendered movies/index.html.erb within layouts/application (8.8ms)
  Rendered layouts/_flash.erb (0.5ms)
Completed 200 OK in 286ms (Views: 280.6ms | ActiveRecord: 1.8ms)


Started GET "/assets/application.self-e80e8f2318043e8af94dddc2adad5a4f09739a8ebb323b3ab31cd71d45fd9113.css?body=1" for 127.0.0.1 at 2023-12-06 07:31:12 -0500


Started GET "/assets/jquery.self-bd7ddd393353a8d2480a622e80342adf488fb6006d667e8b42e4c0073393abee.js?body=1" for 127.0.0.1 at 2023-12-06 07:31:12 -0500


Started GET "/assets/jquery_ujs.self-784a997f6726036b1993eb2217c9cb558e1cbb801c6da88105588c56f13b466a.js?body=1" for 127.0.0.1 at 2023-12-06 07:31:12 -0500


Started GET "/assets/application.self-377610cd7c1509e934744c810e3b4cf672dfbcacac3274e7d039827e2ae0fcc7.js?body=1" for 127.0.0.1 at 2023-12-06 07:31:12 -0500
  [1m[36mActiveRecord::SchemaMigration Load (0.0ms)[0m  [1mSELECT "schema_migrations".* FROM "schema_migrations"[0m
  [1m[35m (0.0ms)[0m  begin transaction
  [1m[36mSQL (0.3ms)[0m  [1mINSERT INTO "movies" ("title", "rating", "release_date", "created_at", "updated_at") VALUES (?, ?, ?, ?, ?)[0m  [["title", "Aladdin"], ["rating", "G"], ["release_date", "1992-11-25 00:00:00.000000"], ["created_at", "2023-12-06 12:37:56.615504"], ["updated_at", "2023-12-06 12:37:56.615504"]]
  [1m[35m (6.8ms)[0m  commit transaction
  [1m[36m (0.0ms)[0m  [1mbegin transaction[0m
  [1m[35mSQL (0.1ms)[0m  INSERT INTO "movies" ("title", "rating", "release_date", "created_at", "updated_at") VALUES (?, ?, ?, ?, ?)  [["title", "The Terminator"], ["rating", "R"], ["release_date", "1984-10-26 00:00:00.000000"], ["created_at", "2023-12-06 12:37:56.624244"], ["updated_at", "2023-12-06 12:37:56.624244"]]
  [1m[36m (7.3ms)[0m  [1mcommit transaction[0m
  [1m[35m (0.1ms)[0m  begin transaction
  [1m[36mSQL (0.1ms)[0m  [1mINSERT INTO "movies" ("title", "rating", "release_date", "created_at", "updated_at") VALUES (?, ?, ?, ?, ?)[0m  [["title", "When Harry Met Sally"], ["rating", "R"], ["release_date", "1989-07-21 00:00:00.000000"], ["created_at", "2023-12-06 12:37:56.640777"], ["updated_at", "2023-12-06 12:37:56.640777"]]
  [1m[35m (7.0ms)[0m  commit transaction
  [1m[36m (0.0ms)[0m  [1mbegin transaction[0m
  [1m[35mSQL (0.1ms)[0m  INSERT INTO "movies" ("title", "rating", "release_date", "created_at", "updated_at") VALUES (?, ?, ?, ?, ?)  [["title", "The Help"], ["rating", "PG-13"], ["release_date", "2011-08-10 00:00:00.000000"], ["created_at", "2023-12-06 12:37:56.649140"], ["updated_at", "2023-12-06 12:37:56.649140"]]
  [1m[36m (6.2ms)[0m  [1mcommit transaction[0m
  [1m[35m (0.0ms)[0m  begin transaction
  [1m[36mSQL (0.1ms)[0m  [1mINSERT INTO "movies" ("title", "rating", "release_date", "created_at", "updated_at") VALUES (?, ?, ?, ?, ?)[0m  [["title", "Chocolat"], ["rating", "PG-13"], ["release_date", "2001-01-05 00:00:00.000000"], ["created_at", "2023-12-06 12:37:56.656232"], ["updated_at", "2023-12-06 12:37:56.656232"]]
  [1m[35m (6.8ms)[0m  commit transaction
  [1m[36m (0.0ms)[0m  [1mbegin transaction[0m
  [1m[35mSQL (0.2ms)[0m  INSERT INTO "movies" ("title", "rating", "release_date", "created_at", "updated_at") VALUES (?, ?, ?, ?, ?)  [["title", "Amelie"], ["rating", "R"], ["release_date", "2001-04-25 00:00:00.000000"], ["created_at", "2023-12-06 12:37:56.664433"], ["updated_at", "2023-12-06 12:37:56.664433"]]
  [1m[36m (6.5ms)[0m  [1mcommit transaction[0m
  [1m[35m (0.0ms)[0m  begin transaction
  [1m[36mSQL (0.2ms)[0m  [1mINSERT INTO "movies" ("title", "rating", "release_date", "created_at", "updated_at") VALUES (?, ?, ?, ?, ?)[0m  [["title", "2001: A Space Odyssey"], ["rating", "G"], ["release_date", "1968-04-06 00:00:00.000000"], ["created_at", "2023-12-06 12:37:56.672447"], ["updated_at", "2023-12-06 12:37:56.672447"]]
  [1m[35m (6.7ms)[0m  commit transaction
  [1m[36m (0.1ms)[0m  [1mbegin transaction[0m
  [1m[35mSQL (0.2ms)[0m  INSERT INTO "movies" ("title", "rating", "release_date", "created_at", "updated_at") VALUES (?, ?, ?, ?, ?)  [["title", "The Incredibles"], ["rating", "PG"], ["release_date", "2004-11-05 00:00:00.000000"], ["created_at", "2023-12-06 12:37:56.680988"], ["updated_at", "2023-12-06 12:37:56.680988"]]
  [1m[36m (7.0ms)[0m  [1mcommit transaction[0m
  [1m[35m (0.1ms)[0m  begin transaction
  [1m[36mSQL (0.2ms)[0m  [1mINSERT INTO "movies" ("title", "rating", "release_date", "created_at", "updated_at") VALUES (?, ?, ?, ?, ?)[0m  [["title", "Raiders of the Lost Ark"], ["rating", "PG"], ["release_date", "1981-06-12 00:00:00.000000"], ["created_at", "2023-12-06 12:37:56.690006"], ["updated_at", "2023-12-06 12:37:56.690006"]]
  [1m[35m (7.2ms)[0m  commit transaction
  [1m[36m (0.1ms)[0m  [1mbegin transaction[0m
  [1m[35mSQL (0.2ms)[0m  INSERT INTO "movies" ("title", "rating", "release_date", "created_at", "updated_at") VALUES (?, ?, ?, ?, ?)  [["title", "Chicken Run"], ["rating", "G"], ["release_date", "2000-06-21 00:00:00.000000"], ["created_at", "2023-12-06 12:37:56.699317"], ["updated_at", "2023-12-06 12:37:56.699317"]]
  [1m[36m (6.9ms)[0m  [1mcommit transaction[0m


Started GET "/" for 127.0.0.1 at 2023-12-06 07:38:05 -0500


Started GET "/movies" for 127.0.0.1 at 2023-12-06 07:38:05 -0500
Processing by MoviesController#index as HTML
Redirected to http://localhost:3000/movies?ratings%5BG%5D=1&ratings%5BPG%5D=1&ratings%5BPG-13%5D=1&ratings%5BR%5D=1&sort_by=id
Filter chain halted as :force_index_redirect rendered or redirected
Completed 302 Found in 7ms (ActiveRecord: 0.0ms)


Started GET "/movies?ratings%5BG%5D=1&ratings%5BPG%5D=1&ratings%5BPG-13%5D=1&ratings%5BR%5D=1&sort_by=id" for 127.0.0.1 at 2023-12-06 07:38:05 -0500
Processing by MoviesController#index as HTML
  Parameters: {"ratings"=>{"G"=>"1", "PG"=>"1", "PG-13"=>"1", "R"=>"1"}, "sort_by"=>"id"}
  [1m[36mMovie Load (0.2ms)[0m  [1mSELECT "movies".* FROM "movies" WHERE "movies"."rating" IN ('G', 'PG', 'PG-13', 'R')  ORDER BY id[0m
  Rendered movies/index.html.erb within layouts/application (13.5ms)
  Rendered layouts/_flash.erb (0.3ms)
Completed 200 OK in 212ms (Views: 187.0ms | ActiveRecord: 3.4ms)


Started GET "/" for 127.0.0.1 at 2023-12-06 07:51:32 -0500


Started GET "/movies" for 127.0.0.1 at 2023-12-06 07:51:32 -0500
Processing by MoviesController#index as HTML
Redirected to http://localhost:3000/movies?ratings%5BG%5D=1&ratings%5BPG%5D=1&ratings%5BPG-13%5D=1&ratings%5BR%5D=1&sort_by=id
Filter chain halted as :force_index_redirect rendered or redirected
Completed 302 Found in 4ms (ActiveRecord: 0.0ms)


Started GET "/movies?ratings%5BG%5D=1&ratings%5BPG%5D=1&ratings%5BPG-13%5D=1&ratings%5BR%5D=1&sort_by=id" for 127.0.0.1 at 2023-12-06 07:51:32 -0500
Processing by MoviesController#index as HTML
  Parameters: {"ratings"=>{"G"=>"1", "PG"=>"1", "PG-13"=>"1", "R"=>"1"}, "sort_by"=>"id"}
  [1m[36mMovie Load (0.3ms)[0m  [1mSELECT "movies".* FROM "movies" WHERE "movies"."rating" IN ('G', 'PG', 'PG-13', 'R')  ORDER BY id[0m
  Rendered movies/index.html.erb within layouts/application (12.0ms)
  Rendered layouts/_flash.erb (0.4ms)
Completed 200 OK in 211ms (Views: 179.8ms | ActiveRecord: 1.4ms)


Started GET "/movies/1" for 127.0.0.1 at 2023-12-06 07:51:41 -0500
Processing by MoviesController#show as HTML
  Parameters: {"id"=>"1"}
  [1m[35mMovie Load (0.1ms)[0m  SELECT  "movies".* FROM "movies" WHERE "movies"."id" = ? LIMIT 1  [["id", 1]]
  Rendered movies/show.html.erb within layouts/application (0.8ms)
  Rendered layouts/_flash.erb (0.0ms)
Completed 200 OK in 8ms (Views: 6.0ms | ActiveRecord: 0.1ms)


Started GET "/movies/999" for 127.0.0.1 at 2023-12-06 07:51:44 -0500
Processing by MoviesController#show as HTML
  Parameters: {"id"=>"999"}
  [1m[36mMovie Load (0.1ms)[0m  [1mSELECT  "movies".* FROM "movies" WHERE "movies"."id" = ? LIMIT 1[0m  [["id", 999]]
Completed 404 Not Found in 2ms (ActiveRecord: 0.1ms)

ActiveRecord::RecordNotFound (Couldn't find Movie with 'id'=999):
  app/controllers/movies_controller.rb:6:in `show'


  Rendered .bundle/gems/actionpack-4.2.11/lib/action_dispatch/middleware/templates/rescues/_source.erb (1.7ms)
  Rendered .bundle/gems/actionpack-4.2.11/lib/action_dispatch/middleware/templates/rescues/_trace.html.erb (1.3ms)
  Rendered .bundle/gems/actionpack-4.2.11/lib/action_dispatch/middleware/templates/rescues/_request_and_response.html.erb (0.7ms)
  Rendered .bundle/gems/actionpack-4.2.11/lib/action_dispatch/middleware/templates/rescues/diagnostics.html.erb within rescues/layout (9.1ms)
  Rendered .bundle/gems/web-console-2.3.0/lib/web_console/templates/_markup.html.erb (0.2ms)
  Rendered .bundle/gems/web-console-2.3.0/lib/web_console/templates/_inner_console_markup.html.erb within layouts/inlined_string (0.4ms)
  Rendered .bundle/gems/web-console-2.3.0/lib/web_console/templates/_prompt_box_markup.html.erb within layouts/inlined_string (0.1ms)
  Rendered .bundle/gems/web-console-2.3.0/lib/web_console/templates/style.css.erb within layouts/inlined_string (0.2ms)
  Rendered .bundle/gems/web-console-2.3.0/lib/web_console/templates/console.js.erb within layouts/javascript (11.0ms)
  Rendered .bundle/gems/web-console-2.3.0/lib/web_console/templates/main.js.erb within layouts/javascript (0.1ms)
  Rendered .bundle/gems/web-console-2.3.0/lib/web_console/templates/error_page.js.erb within layouts/javascript (0.2ms)
  Rendered .bundle/gems/web-console-2.3.0/lib/web_console/templates/index.html.erb (16.2ms)


Started GET "/" for 127.0.0.1 at 2023-12-06 07:54:04 -0500


Started GET "/movies" for 127.0.0.1 at 2023-12-06 07:54:04 -0500
Processing by MoviesController#index as HTML
Redirected to http://localhost:3000/movies?ratings%5BG%5D=1&ratings%5BPG%5D=1&ratings%5BPG-13%5D=1&ratings%5BR%5D=1&sort_by=id
Filter chain halted as :force_index_redirect rendered or redirected
Completed 302 Found in 6ms (ActiveRecord: 0.0ms)


Started GET "/movies?ratings%5BG%5D=1&ratings%5BPG%5D=1&ratings%5BPG-13%5D=1&ratings%5BR%5D=1&sort_by=id" for 127.0.0.1 at 2023-12-06 07:54:04 -0500
Processing by MoviesController#index as HTML
  Parameters: {"ratings"=>{"G"=>"1", "PG"=>"1", "PG-13"=>"1", "R"=>"1"}, "sort_by"=>"id"}
  [1m[36mMovie Load (0.2ms)[0m  [1mSELECT "movies".* FROM "movies" WHERE "movies"."rating" IN ('G', 'PG', 'PG-13', 'R')  ORDER BY id[0m
  Rendered movies/index.html.erb within layouts/application (11.6ms)
  Rendered layouts/_flash.erb (0.6ms)
Completed 200 OK in 219ms (Views: 200.9ms | ActiveRecord: 1.6ms)


Started GET "/movies/1" for 127.0.0.1 at 2023-12-06 07:54:07 -0500
Processing by MoviesController#show as HTML
  Parameters: {"id"=>"1"}
  [1m[35mMovie Load (0.2ms)[0m  SELECT  "movies".* FROM "movies" WHERE "movies"."id" = ? LIMIT 1  [["id", 1]]
  Rendered movies/show.html.erb within layouts/application (1.0ms)
  Rendered layouts/_flash.erb (0.1ms)
Completed 200 OK in 11ms (Views: 9.1ms | ActiveRecord: 0.2ms)


Started GET "/movies/9999" for 127.0.0.1 at 2023-12-06 07:54:11 -0500
Processing by MoviesController#show as HTML
  Parameters: {"id"=>"9999"}
  [1m[36mMovie Load (0.1ms)[0m  [1mSELECT  "movies".* FROM "movies" WHERE "movies"."id" = ? LIMIT 1[0m  [["id", 9999]]
Redirected to http://localhost:3000/movies
Completed 302 Found in 1ms (ActiveRecord: 0.1ms)


Started GET "/movies" for 127.0.0.1 at 2023-12-06 07:54:11 -0500
Processing by MoviesController#index as HTML
Redirected to http://localhost:3000/movies?ratings%5BG%5D=1&ratings%5BPG%5D=1&ratings%5BPG-13%5D=1&ratings%5BR%5D=1&sort_by=id
Filter chain halted as :force_index_redirect rendered or redirected
Completed 302 Found in 1ms (ActiveRecord: 0.0ms)


Started GET "/movies?ratings%5BG%5D=1&ratings%5BPG%5D=1&ratings%5BPG-13%5D=1&ratings%5BR%5D=1&sort_by=id" for 127.0.0.1 at 2023-12-06 07:54:11 -0500
Processing by MoviesController#index as HTML
  Parameters: {"ratings"=>{"G"=>"1", "PG"=>"1", "PG-13"=>"1", "R"=>"1"}, "sort_by"=>"id"}
  [1m[35mMovie Load (0.4ms)[0m  SELECT "movies".* FROM "movies" WHERE "movies"."rating" IN ('G', 'PG', 'PG-13', 'R')  ORDER BY id
  Rendered movies/index.html.erb within layouts/application (3.7ms)
  Rendered layouts/_flash.erb (0.1ms)
Completed 200 OK in 13ms (Views: 11.7ms | ActiveRecord: 0.4ms)


Started GET "/" for 127.0.0.1 at 2023-12-06 07:56:34 -0500


Started GET "/movies" for 127.0.0.1 at 2023-12-06 07:56:34 -0500
Processing by MoviesController#index as HTML
Redirected to http://localhost:3000/movies?ratings%5BG%5D=1&ratings%5BPG%5D=1&ratings%5BPG-13%5D=1&ratings%5BR%5D=1&sort_by=id
Filter chain halted as :force_index_redirect rendered or redirected
Completed 302 Found in 5ms (ActiveRecord: 0.0ms)


Started GET "/movies?ratings%5BG%5D=1&ratings%5BPG%5D=1&ratings%5BPG-13%5D=1&ratings%5BR%5D=1&sort_by=id" for 127.0.0.1 at 2023-12-06 07:56:34 -0500
Processing by MoviesController#index as HTML
  Parameters: {"ratings"=>{"G"=>"1", "PG"=>"1", "PG-13"=>"1", "R"=>"1"}, "sort_by"=>"id"}
  [1m[36mMovie Load (0.1ms)[0m  [1mSELECT "movies".* FROM "movies" WHERE "movies"."rating" IN ('G', 'PG', 'PG-13', 'R')  ORDER BY id[0m
  Rendered movies/index.html.erb within layouts/application (11.5ms)
  Rendered layouts/_flash.erb (1.2ms)
Completed 200 OK in 220ms (Views: 185.9ms | ActiveRecord: 1.1ms)


Started GET "/movies/1" for 127.0.0.1 at 2023-12-06 07:56:37 -0500
Processing by MoviesController#show as HTML
  Parameters: {"id"=>"1"}
  [1m[35mMovie Load (0.5ms)[0m  SELECT  "movies".* FROM "movies" WHERE "movies"."id" = ? LIMIT 1  [["id", 1]]
  Rendered movies/show.html.erb within layouts/application (0.8ms)
  Rendered layouts/_flash.erb (0.2ms)
Completed 200 OK in 10ms (Views: 8.3ms | ActiveRecord: 0.5ms)


Started GET "/movies/999" for 127.0.0.1 at 2023-12-06 07:56:42 -0500
Processing by MoviesController#show as HTML
  Parameters: {"id"=>"999"}
  [1m[36mMovie Load (0.1ms)[0m  [1mSELECT  "movies".* FROM "movies" WHERE "movies"."id" = ? LIMIT 1[0m  [["id", 999]]
Redirected to http://localhost:3000/movies
Completed 302 Found in 2ms (ActiveRecord: 0.1ms)


Started GET "/movies" for 127.0.0.1 at 2023-12-06 07:56:42 -0500
Processing by MoviesController#index as HTML
Redirected to http://localhost:3000/movies?ratings%5BG%5D=1&ratings%5BPG%5D=1&ratings%5BPG-13%5D=1&ratings%5BR%5D=1&sort_by=id
Filter chain halted as :force_index_redirect rendered or redirected
Completed 302 Found in 1ms (ActiveRecord: 0.0ms)


Started GET "/movies?ratings%5BG%5D=1&ratings%5BPG%5D=1&ratings%5BPG-13%5D=1&ratings%5BR%5D=1&sort_by=id" for 127.0.0.1 at 2023-12-06 07:56:42 -0500
Processing by MoviesController#index as HTML
  Parameters: {"ratings"=>{"G"=>"1", "PG"=>"1", "PG-13"=>"1", "R"=>"1"}, "sort_by"=>"id"}
  [1m[35mMovie Load (0.3ms)[0m  SELECT "movies".* FROM "movies" WHERE "movies"."rating" IN ('G', 'PG', 'PG-13', 'R')  ORDER BY id
  Rendered movies/index.html.erb within layouts/application (2.8ms)
  Rendered layouts/_flash.erb (0.1ms)
Completed 200 OK in 13ms (Views: 11.5ms | ActiveRecord: 0.3ms)


Started GET "/" for 127.0.0.1 at 2023-12-06 08:02:14 -0500


Started GET "/movies" for 127.0.0.1 at 2023-12-06 08:02:14 -0500
Processing by MoviesController#index as HTML
Redirected to http://localhost:3000/movies?ratings%5BG%5D=1&ratings%5BPG%5D=1&ratings%5BPG-13%5D=1&ratings%5BR%5D=1&sort_by=id
Filter chain halted as :force_index_redirect rendered or redirected
Completed 302 Found in 4ms (ActiveRecord: 0.0ms)


Started GET "/movies?ratings%5BG%5D=1&ratings%5BPG%5D=1&ratings%5BPG-13%5D=1&ratings%5BR%5D=1&sort_by=id" for 127.0.0.1 at 2023-12-06 08:02:14 -0500
Processing by MoviesController#index as HTML
  Parameters: {"ratings"=>{"G"=>"1", "PG"=>"1", "PG-13"=>"1", "R"=>"1"}, "sort_by"=>"id"}
  [1m[36mMovie Load (0.3ms)[0m  [1mSELECT "movies".* FROM "movies" WHERE "movies"."rating" IN ('G', 'PG', 'PG-13', 'R')  ORDER BY id[0m
  Rendered movies/index.html.erb within layouts/application (12.6ms)
  Rendered layouts/_flash.erb (0.2ms)
Completed 200 OK in 210ms (Views: 184.5ms | ActiveRecord: 1.7ms)


Started GET "/movies/1" for 127.0.0.1 at 2023-12-06 08:02:17 -0500
Processing by MoviesController#show as HTML
  Parameters: {"id"=>"1"}
  [1m[35mMovie Load (0.3ms)[0m  SELECT  "movies".* FROM "movies" WHERE "movies"."id" = ? LIMIT 1  [["id", 1]]
  Rendered movies/show.html.erb within layouts/application (1.2ms)
  Rendered layouts/_flash.erb (0.1ms)
Completed 200 OK in 9ms (Views: 7.1ms | ActiveRecord: 0.3ms)


Started GET "/movies/999" for 127.0.0.1 at 2023-12-06 08:02:33 -0500
Processing by MoviesController#show as HTML
  Parameters: {"id"=>"999"}
  [1m[36mMovie Load (0.1ms)[0m  [1mSELECT  "movies".* FROM "movies" WHERE "movies"."id" = ? LIMIT 1[0m  [["id", 999]]
Redirected to http://localhost:3000/movies
Completed 302 Found in 2ms (ActiveRecord: 0.1ms)


Started GET "/movies" for 127.0.0.1 at 2023-12-06 08:02:33 -0500
Processing by MoviesController#index as HTML
Redirected to http://localhost:3000/movies?ratings%5BG%5D=1&ratings%5BPG%5D=1&ratings%5BPG-13%5D=1&ratings%5BR%5D=1&sort_by=id
Filter chain halted as :force_index_redirect rendered or redirected
Completed 302 Found in 1ms (ActiveRecord: 0.0ms)


Started GET "/movies?ratings%5BG%5D=1&ratings%5BPG%5D=1&ratings%5BPG-13%5D=1&ratings%5BR%5D=1&sort_by=id" for 127.0.0.1 at 2023-12-06 08:02:33 -0500
Processing by MoviesController#index as HTML
  Parameters: {"ratings"=>{"G"=>"1", "PG"=>"1", "PG-13"=>"1", "R"=>"1"}, "sort_by"=>"id"}
  [1m[35mMovie Load (0.4ms)[0m  SELECT "movies".* FROM "movies" WHERE "movies"."rating" IN ('G', 'PG', 'PG-13', 'R')  ORDER BY id
  Rendered movies/index.html.erb within layouts/application (2.7ms)
  Rendered layouts/_flash.erb (0.0ms)
Completed 200 OK in 7ms (Views: 6.2ms | ActiveRecord: 0.4ms)


Started GET "/" for 127.0.0.1 at 2023-12-06 08:02:52 -0500


Started GET "/movies" for 127.0.0.1 at 2023-12-06 08:02:53 -0500
Processing by MoviesController#index as HTML
Redirected to http://localhost:3000/movies?ratings%5BG%5D=1&ratings%5BPG%5D=1&ratings%5BPG-13%5D=1&ratings%5BR%5D=1&sort_by=id
Filter chain halted as :force_index_redirect rendered or redirected
Completed 302 Found in 7ms (ActiveRecord: 0.0ms)


Started GET "/movies?ratings%5BG%5D=1&ratings%5BPG%5D=1&ratings%5BPG-13%5D=1&ratings%5BR%5D=1&sort_by=id" for 127.0.0.1 at 2023-12-06 08:02:53 -0500
Processing by MoviesController#index as HTML
  Parameters: {"ratings"=>{"G"=>"1", "PG"=>"1", "PG-13"=>"1", "R"=>"1"}, "sort_by"=>"id"}
  [1m[36mMovie Load (0.2ms)[0m  [1mSELECT "movies".* FROM "movies" WHERE "movies"."rating" IN ('G', 'PG', 'PG-13', 'R')  ORDER BY id[0m
  Rendered movies/index.html.erb within layouts/application (13.2ms)
  Rendered layouts/_flash.erb (0.3ms)
Completed 200 OK in 206ms (Views: 182.8ms | ActiveRecord: 1.4ms)


Started GET "/movies/1" for 127.0.0.1 at 2023-12-06 08:02:56 -0500
Processing by MoviesController#show as HTML
  Parameters: {"id"=>"1"}
  [1m[35mMovie Load (0.3ms)[0m  SELECT  "movies".* FROM "movies" WHERE "movies"."id" = ? LIMIT 1  [["id", 1]]
  Rendered movies/show.html.erb within layouts/application (0.7ms)
  Rendered layouts/_flash.erb (0.0ms)
Completed 200 OK in 7ms (Views: 5.1ms | ActiveRecord: 0.3ms)


Started GET "/movies/999" for 127.0.0.1 at 2023-12-06 08:02:59 -0500
Processing by MoviesController#show as HTML
  Parameters: {"id"=>"999"}
  [1m[36mMovie Load (0.1ms)[0m  [1mSELECT  "movies".* FROM "movies" WHERE "movies"."id" = ? LIMIT 1[0m  [["id", 999]]
Redirected to http://localhost:3000/movies
Completed 302 Found in 2ms (ActiveRecord: 0.1ms)


Started GET "/movies" for 127.0.0.1 at 2023-12-06 08:02:59 -0500
Processing by MoviesController#index as HTML
Redirected to http://localhost:3000/movies?ratings%5BG%5D=1&ratings%5BPG%5D=1&ratings%5BPG-13%5D=1&ratings%5BR%5D=1&sort_by=id
Filter chain halted as :force_index_redirect rendered or redirected
Completed 302 Found in 1ms (ActiveRecord: 0.0ms)


Started GET "/movies?ratings%5BG%5D=1&ratings%5BPG%5D=1&ratings%5BPG-13%5D=1&ratings%5BR%5D=1&sort_by=id" for 127.0.0.1 at 2023-12-06 08:02:59 -0500
Processing by MoviesController#index as HTML
  Parameters: {"ratings"=>{"G"=>"1", "PG"=>"1", "PG-13"=>"1", "R"=>"1"}, "sort_by"=>"id"}
  [1m[35mMovie Load (0.3ms)[0m  SELECT "movies".* FROM "movies" WHERE "movies"."rating" IN ('G', 'PG', 'PG-13', 'R')  ORDER BY id
  Rendered movies/index.html.erb within layouts/application (3.4ms)
  Rendered layouts/_flash.erb (0.1ms)
Completed 200 OK in 10ms (Views: 9.0ms | ActiveRecord: 0.3ms)


Started GET "/" for 127.0.0.1 at 2023-12-06 08:37:17 -0500


Started GET "/movies" for 127.0.0.1 at 2023-12-06 08:37:17 -0500
Processing by MoviesController#index as HTML
Redirected to http://localhost:3000/movies?ratings%5BG%5D=1&ratings%5BPG%5D=1&ratings%5BPG-13%5D=1&ratings%5BR%5D=1&sort_by=id
Filter chain halted as :force_index_redirect rendered or redirected
Completed 302 Found in 5ms (ActiveRecord: 0.0ms)


Started GET "/movies?ratings%5BG%5D=1&ratings%5BPG%5D=1&ratings%5BPG-13%5D=1&ratings%5BR%5D=1&sort_by=id" for 127.0.0.1 at 2023-12-06 08:37:17 -0500
Processing by MoviesController#index as HTML
  Parameters: {"ratings"=>{"G"=>"1", "PG"=>"1", "PG-13"=>"1", "R"=>"1"}, "sort_by"=>"id"}
  [1m[36mMovie Load (0.1ms)[0m  [1mSELECT "movies".* FROM "movies" WHERE "movies"."rating" IN ('G', 'PG', 'PG-13', 'R')  ORDER BY id[0m
  Rendered movies/index.html.erb within layouts/application (11.7ms)
  Rendered layouts/_flash.erb (0.3ms)
Completed 200 OK in 208ms (Views: 189.0ms | ActiveRecord: 1.8ms)


Started GET "/assets/application.self-377610cd7c1509e934744c810e3b4cf672dfbcacac3274e7d039827e2ae0fcc7.js?body=1" for 127.0.0.1 at 2023-12-06 08:37:17 -0500


Started GET "/movies?utf8=%E2%9C%93&sort_by=id&ratings%5BG%5D=1&ratings%5BPG%5D=1&ratings%5BR%5D=1&commit=Refresh" for 127.0.0.1 at 2023-12-06 08:37:21 -0500
Processing by MoviesController#index as HTML
  Parameters: {"utf8"=>"✓", "sort_by"=>"id", "ratings"=>{"G"=>"1", "PG"=>"1", "R"=>"1"}, "commit"=>"Refresh"}
  [1m[35mMovie Load (0.2ms)[0m  SELECT "movies".* FROM "movies" WHERE "movies"."rating" IN ('G', 'PG', 'R')  ORDER BY id
  Rendered movies/index.html.erb within layouts/application (1.5ms)
  Rendered layouts/_flash.erb (0.1ms)
Completed 200 OK in 8ms (Views: 7.6ms | ActiveRecord: 0.2ms)


Started GET "/movies?utf8=%E2%9C%93&sort_by=id&ratings%5BG%5D=1&ratings%5BR%5D=1&commit=Refresh" for 127.0.0.1 at 2023-12-06 08:37:26 -0500
Processing by MoviesController#index as HTML
  Parameters: {"utf8"=>"✓", "sort_by"=>"id", "ratings"=>{"G"=>"1", "R"=>"1"}, "commit"=>"Refresh"}
  [1m[36mMovie Load (0.1ms)[0m  [1mSELECT "movies".* FROM "movies" WHERE "movies"."rating" IN ('G', 'R')  ORDER BY id[0m
  Rendered movies/index.html.erb within layouts/application (1.2ms)
  Rendered layouts/_flash.erb (0.0ms)
Completed 200 OK in 5ms (Views: 4.9ms | ActiveRecord: 0.1ms)


Started GET "/movies?utf8=%E2%9C%93&sort_by=id&ratings%5BR%5D=1&commit=Refresh" for 127.0.0.1 at 2023-12-06 08:37:28 -0500
Processing by MoviesController#index as HTML
  Parameters: {"utf8"=>"✓", "sort_by"=>"id", "ratings"=>{"R"=>"1"}, "commit"=>"Refresh"}
  [1m[35mMovie Load (0.2ms)[0m  SELECT "movies".* FROM "movies" WHERE "movies"."rating" = 'R'  ORDER BY id
  Rendered movies/index.html.erb within layouts/application (1.8ms)
  Rendered layouts/_flash.erb (0.1ms)
Completed 200 OK in 32ms (Views: 30.6ms | ActiveRecord: 0.2ms)


Started GET "/movies?utf8=%E2%9C%93&sort_by=id&commit=Refresh" for 127.0.0.1 at 2023-12-06 08:37:29 -0500
Processing by MoviesController#index as HTML
  Parameters: {"utf8"=>"✓", "sort_by"=>"id", "commit"=>"Refresh"}
Redirected to http://localhost:3000/movies?ratings%5BR%5D=1&sort_by=id
Filter chain halted as :force_index_redirect rendered or redirected
Completed 302 Found in 1ms (ActiveRecord: 0.0ms)


Started GET "/movies?ratings%5BR%5D=1&sort_by=id" for 127.0.0.1 at 2023-12-06 08:37:29 -0500
Processing by MoviesController#index as HTML
  Parameters: {"ratings"=>{"R"=>"1"}, "sort_by"=>"id"}
  [1m[36mMovie Load (0.1ms)[0m  [1mSELECT "movies".* FROM "movies" WHERE "movies"."rating" = 'R'  ORDER BY id[0m
  Rendered movies/index.html.erb within layouts/application (1.7ms)
  Rendered layouts/_flash.erb (0.1ms)
Completed 200 OK in 10ms (Views: 8.7ms | ActiveRecord: 0.1ms)


Started GET "/movies?utf8=%E2%9C%93&sort_by=id&ratings%5BG%5D=1&ratings%5BPG%5D=1&ratings%5BPG-13%5D=1&ratings%5BR%5D=1&commit=Refresh" for 127.0.0.1 at 2023-12-06 08:37:33 -0500
Processing by MoviesController#index as HTML
  Parameters: {"utf8"=>"✓", "sort_by"=>"id", "ratings"=>{"G"=>"1", "PG"=>"1", "PG-13"=>"1", "R"=>"1"}, "commit"=>"Refresh"}
  [1m[35mMovie Load (0.2ms)[0m  SELECT "movies".* FROM "movies" WHERE "movies"."rating" IN ('G', 'PG', 'PG-13', 'R')  ORDER BY id
  Rendered movies/index.html.erb within layouts/application (2.3ms)
  Rendered layouts/_flash.erb (0.3ms)
Completed 200 OK in 8ms (Views: 7.6ms | ActiveRecord: 0.2ms)


Started GET "/movies/1" for 127.0.0.1 at 2023-12-06 08:37:34 -0500
Processing by MoviesController#show as HTML
  Parameters: {"id"=>"1"}
  [1m[36mMovie Load (0.2ms)[0m  [1mSELECT  "movies".* FROM "movies" WHERE "movies"."id" = ? LIMIT 1[0m  [["id", 1]]
  Rendered movies/show.html.erb within layouts/application (0.8ms)
  Rendered layouts/_flash.erb (0.1ms)
Completed 200 OK in 8ms (Views: 6.2ms | ActiveRecord: 0.2ms)


Started GET "/movies" for 127.0.0.1 at 2023-12-06 08:37:36 -0500
Processing by MoviesController#index as HTML
Redirected to http://localhost:3000/movies?ratings%5BG%5D=1&ratings%5BPG%5D=1&ratings%5BPG-13%5D=1&ratings%5BR%5D=1&sort_by=id
Filter chain halted as :force_index_redirect rendered or redirected
Completed 302 Found in 1ms (ActiveRecord: 0.0ms)


Started GET "/movies?ratings%5BG%5D=1&ratings%5BPG%5D=1&ratings%5BPG-13%5D=1&ratings%5BR%5D=1&sort_by=id" for 127.0.0.1 at 2023-12-06 08:37:36 -0500
Processing by MoviesController#index as HTML
  Parameters: {"ratings"=>{"G"=>"1", "PG"=>"1", "PG-13"=>"1", "R"=>"1"}, "sort_by"=>"id"}
  [1m[35mMovie Load (0.4ms)[0m  SELECT "movies".* FROM "movies" WHERE "movies"."rating" IN ('G', 'PG', 'PG-13', 'R')  ORDER BY id
  Rendered movies/index.html.erb within layouts/application (5.0ms)
  Rendered layouts/_flash.erb (0.0ms)
Completed 200 OK in 12ms (Views: 11.4ms | ActiveRecord: 0.4ms)


Started GET "/" for 127.0.0.1 at 2023-12-06 08:42:59 -0500


Started GET "/movies" for 127.0.0.1 at 2023-12-06 08:42:59 -0500
Processing by MoviesController#index as HTML
Redirected to http://localhost:3000/movies?ratings%5BG%5D=1&ratings%5BPG%5D=1&ratings%5BPG-13%5D=1&ratings%5BR%5D=1&sort_by=id
Filter chain halted as :force_index_redirect rendered or redirected
Completed 302 Found in 5ms (ActiveRecord: 0.0ms)


Started GET "/movies?ratings%5BG%5D=1&ratings%5BPG%5D=1&ratings%5BPG-13%5D=1&ratings%5BR%5D=1&sort_by=id" for 127.0.0.1 at 2023-12-06 08:42:59 -0500
Processing by MoviesController#index as HTML
  Parameters: {"ratings"=>{"G"=>"1", "PG"=>"1", "PG-13"=>"1", "R"=>"1"}, "sort_by"=>"id"}
  [1m[36mMovie Load (0.2ms)[0m  [1mSELECT "movies".* FROM "movies" WHERE "movies"."rating" IN ('G', 'PG', 'PG-13', 'R')  ORDER BY id[0m
  Rendered movies/index.html.erb within layouts/application (9.5ms)
  Rendered layouts/_flash.erb (0.3ms)
Completed 200 OK in 176ms (Views: 145.2ms | ActiveRecord: 2.0ms)


Started GET "/movies?utf8=%E2%9C%93&sort_by=id&ratings%5BG%5D=1&ratings%5BPG-13%5D=1&ratings%5BR%5D=1&commit=Refresh" for 127.0.0.1 at 2023-12-06 08:43:06 -0500
Processing by MoviesController#index as HTML
  Parameters: {"utf8"=>"✓", "sort_by"=>"id", "ratings"=>{"G"=>"1", "PG-13"=>"1", "R"=>"1"}, "commit"=>"Refresh"}
  [1m[35mMovie Load (0.2ms)[0m  SELECT "movies".* FROM "movies" WHERE "movies"."rating" IN ('G', 'PG-13', 'R')  ORDER BY id
  Rendered movies/index.html.erb within layouts/application (2.2ms)
  Rendered layouts/_flash.erb (0.3ms)
Completed 200 OK in 10ms (Views: 9.1ms | ActiveRecord: 0.2ms)


Started GET "/movies?utf8=%E2%9C%93&sort_by=id&ratings%5BPG-13%5D=1&ratings%5BR%5D=1&commit=Refresh" for 127.0.0.1 at 2023-12-06 08:43:09 -0500
Processing by MoviesController#index as HTML
  Parameters: {"utf8"=>"✓", "sort_by"=>"id", "ratings"=>{"PG-13"=>"1", "R"=>"1"}, "commit"=>"Refresh"}
  [1m[36mMovie Load (0.2ms)[0m  [1mSELECT "movies".* FROM "movies" WHERE "movies"."rating" IN ('PG-13', 'R')  ORDER BY id[0m
  Rendered movies/index.html.erb within layouts/application (3.4ms)
  Rendered layouts/_flash.erb (0.0ms)
Completed 200 OK in 9ms (Views: 8.0ms | ActiveRecord: 0.2ms)


Started GET "/movies?utf8=%E2%9C%93&sort_by=id&ratings%5BR%5D=1&commit=Refresh" for 127.0.0.1 at 2023-12-06 08:43:11 -0500
Processing by MoviesController#index as HTML
  Parameters: {"utf8"=>"✓", "sort_by"=>"id", "ratings"=>{"R"=>"1"}, "commit"=>"Refresh"}
  [1m[35mMovie Load (0.2ms)[0m  SELECT "movies".* FROM "movies" WHERE "movies"."rating" = 'R'  ORDER BY id
  Rendered movies/index.html.erb within layouts/application (1.2ms)
  Rendered layouts/_flash.erb (0.0ms)
Completed 200 OK in 7ms (Views: 6.4ms | ActiveRecord: 0.2ms)


Started GET "/movies?utf8=%E2%9C%93&sort_by=id&commit=Refresh" for 127.0.0.1 at 2023-12-06 08:43:12 -0500
Processing by MoviesController#index as HTML
  Parameters: {"utf8"=>"✓", "sort_by"=>"id", "commit"=>"Refresh"}
Redirected to http://localhost:3000/movies?ratings%5BR%5D=1&sort_by=id
Filter chain halted as :force_index_redirect rendered or redirected
Completed 302 Found in 1ms (ActiveRecord: 0.0ms)


Started GET "/movies?ratings%5BR%5D=1&sort_by=id" for 127.0.0.1 at 2023-12-06 08:43:12 -0500
Processing by MoviesController#index as HTML
  Parameters: {"ratings"=>{"R"=>"1"}, "sort_by"=>"id"}
  [1m[36mMovie Load (0.2ms)[0m  [1mSELECT "movies".* FROM "movies" WHERE "movies"."rating" = 'R'  ORDER BY id[0m
  Rendered movies/index.html.erb within layouts/application (2.6ms)
  Rendered layouts/_flash.erb (0.0ms)
Completed 200 OK in 11ms (Views: 10.3ms | ActiveRecord: 0.2ms)


Started GET "/movies?utf8=%E2%9C%93&sort_by=id&ratings%5BG%5D=1&ratings%5BPG%5D=1&ratings%5BPG-13%5D=1&ratings%5BR%5D=1&commit=Refresh" for 127.0.0.1 at 2023-12-06 08:43:16 -0500
Processing by MoviesController#index as HTML
  Parameters: {"utf8"=>"✓", "sort_by"=>"id", "ratings"=>{"G"=>"1", "PG"=>"1", "PG-13"=>"1", "R"=>"1"}, "commit"=>"Refresh"}
  [1m[35mMovie Load (0.2ms)[0m  SELECT "movies".* FROM "movies" WHERE "movies"."rating" IN ('G', 'PG', 'PG-13', 'R')  ORDER BY id
  Rendered movies/index.html.erb within layouts/application (1.5ms)
  Rendered layouts/_flash.erb (0.1ms)
Completed 200 OK in 8ms (Views: 7.2ms | ActiveRecord: 0.2ms)


Started GET "/movies?utf8=%E2%9C%93&sort_by=id&ratings%5BG%5D=1&ratings%5BPG-13%5D=1&ratings%5BR%5D=1&commit=Refresh" for 127.0.0.1 at 2023-12-06 08:46:24 -0500
Processing by MoviesController#index as HTML
  Parameters: {"utf8"=>"✓", "sort_by"=>"id", "ratings"=>{"G"=>"1", "PG-13"=>"1", "R"=>"1"}, "commit"=>"Refresh"}
  [1m[36mMovie Load (0.1ms)[0m  [1mSELECT "movies".* FROM "movies" WHERE "movies"."rating" IN ('G', 'PG-13', 'R')  ORDER BY id[0m
  Rendered movies/index.html.erb within layouts/application (8.0ms)
  Rendered layouts/_flash.erb (0.4ms)
Completed 200 OK in 163ms (Views: 145.4ms | ActiveRecord: 1.0ms)


Started GET "/movies?utf8=%E2%9C%93&sort_by=id&ratings%5BG%5D=1&ratings%5BPG%5D=1&ratings%5BPG-13%5D=1&ratings%5BR%5D=1&commit=Refresh" for 127.0.0.1 at 2023-12-06 08:46:31 -0500
Processing by MoviesController#index as HTML
  Parameters: {"utf8"=>"✓", "sort_by"=>"id", "ratings"=>{"G"=>"1", "PG"=>"1", "PG-13"=>"1", "R"=>"1"}, "commit"=>"Refresh"}
  [1m[35mMovie Load (0.8ms)[0m  SELECT "movies".* FROM "movies" WHERE "movies"."rating" IN ('G', 'PG', 'PG-13', 'R')  ORDER BY id
  Rendered movies/index.html.erb within layouts/application (4.3ms)
  Rendered layouts/_flash.erb (0.1ms)
Completed 200 OK in 12ms (Views: 10.4ms | ActiveRecord: 0.8ms)


Started GET "/movies?utf8=%E2%9C%93&sort_by=id&ratings%5BG%5D=1&ratings%5BPG%5D=1&ratings%5BPG-13%5D=1&commit=Refresh" for 127.0.0.1 at 2023-12-06 08:46:33 -0500
Processing by MoviesController#index as HTML
  Parameters: {"utf8"=>"✓", "sort_by"=>"id", "ratings"=>{"G"=>"1", "PG"=>"1", "PG-13"=>"1"}, "commit"=>"Refresh"}
  [1m[36mMovie Load (0.3ms)[0m  [1mSELECT "movies".* FROM "movies" WHERE "movies"."rating" IN ('G', 'PG', 'PG-13')  ORDER BY id[0m
  Rendered movies/index.html.erb within layouts/application (2.6ms)
  Rendered layouts/_flash.erb (0.0ms)
Completed 200 OK in 8ms (Views: 6.1ms | ActiveRecord: 0.3ms)


Started GET "/movies?utf8=%E2%9C%93&sort_by=id&ratings%5BG%5D=1&ratings%5BPG%5D=1&ratings%5BPG-13%5D=1&commit=Refresh" for 127.0.0.1 at 2023-12-06 08:49:05 -0500
Processing by MoviesController#index as HTML
  Parameters: {"utf8"=>"✓", "sort_by"=>"id", "ratings"=>{"G"=>"1", "PG"=>"1", "PG-13"=>"1"}, "commit"=>"Refresh"}
  [1m[36mMovie Load (0.1ms)[0m  [1mSELECT "movies".* FROM "movies" WHERE "movies"."rating" IN ('G', 'PG', 'PG-13')  ORDER BY id[0m
  Rendered movies/index.html.erb within layouts/application (9.3ms)
  Rendered layouts/_flash.erb (0.4ms)
Completed 200 OK in 188ms (Views: 156.5ms | ActiveRecord: 1.2ms)


Started GET "/movies?utf8=%E2%9C%93&sort_by=id&ratings%5BR%5D=1&commit=Refresh" for 127.0.0.1 at 2023-12-06 08:49:08 -0500
Processing by MoviesController#index as HTML
  Parameters: {"utf8"=>"✓", "sort_by"=>"id", "ratings"=>{"R"=>"1"}, "commit"=>"Refresh"}
  [1m[35mMovie Load (0.3ms)[0m  SELECT "movies".* FROM "movies" WHERE "movies"."rating" = 'R'  ORDER BY id
  Rendered movies/index.html.erb within layouts/application (2.0ms)
  Rendered layouts/_flash.erb (0.1ms)
Completed 200 OK in 12ms (Views: 10.9ms | ActiveRecord: 0.3ms)


Started GET "/movies?utf8=%E2%9C%93&sort_by=id&ratings%5BG%5D=1&ratings%5BPG%5D=1&commit=Refresh" for 127.0.0.1 at 2023-12-06 08:49:18 -0500
Processing by MoviesController#index as HTML
  Parameters: {"utf8"=>"✓", "sort_by"=>"id", "ratings"=>{"G"=>"1", "PG"=>"1"}, "commit"=>"Refresh"}
  [1m[36mMovie Load (0.2ms)[0m  [1mSELECT "movies".* FROM "movies" WHERE "movies"."rating" IN ('G', 'PG')  ORDER BY id[0m
  Rendered movies/index.html.erb within layouts/application (1.3ms)
  Rendered layouts/_flash.erb (0.0ms)
Completed 200 OK in 6ms (Views: 5.3ms | ActiveRecord: 0.2ms)


Started GET "/movies?utf8=%E2%9C%93&sort_by=id&ratings%5BG%5D=1&ratings%5BPG%5D=1&commit=Refresh" for 127.0.0.1 at 2023-12-06 08:53:15 -0500
Processing by MoviesController#index as HTML
  Parameters: {"utf8"=>"✓", "sort_by"=>"id", "ratings"=>{"G"=>"1", "PG"=>"1"}, "commit"=>"Refresh"}
  Rendered movies/index.html.erb within layouts/application (0.9ms)
Completed 500 Internal Server Error in 24ms (ActiveRecord: 0.0ms)

SyntaxError (/home/miguelubuntu/Escritorio/PC5_CC3S2/PracticaCalificada5-CC3S2/BDD-Cucumber/app/views/movies/index.html.erb:38: syntax error, unexpected '<'
      <tr>
      ^
/home/miguelubuntu/Escritorio/PC5_CC3S2/PracticaCalificada5-CC3S2/BDD-Cucumber/app/views/movies/index.html.erb:52: syntax error, unexpected end, expecting ')'
'.freeze;     end 
              ^~~
/home/miguelubuntu/Escritorio/PC5_CC3S2/PracticaCalificada5-CC3S2/BDD-Cucumber/app/views/movies/index.html.erb:58: syntax error, unexpected ensure, expecting ')'
          ensure
          ^~~~~~
/home/miguelubuntu/Escritorio/PC5_CC3S2/PracticaCalificada5-CC3S2/BDD-Cucumber/app/views/movies/index.html.erb:60: syntax error, unexpected end, expecting ')'
          end
          ^~~):
  app/views/movies/index.html.erb:38: syntax error, unexpected '<'
  app/views/movies/index.html.erb:52: syntax error, unexpected end, expecting ')'
  app/views/movies/index.html.erb:58: syntax error, unexpected ensure, expecting ')'
  app/views/movies/index.html.erb:60: syntax error, unexpected end, expecting ')'


  Rendered .bundle/gems/actionpack-4.2.11/lib/action_dispatch/middleware/templates/rescues/_source.erb (3.8ms)
  Rendered .bundle/gems/actionpack-4.2.11/lib/action_dispatch/middleware/templates/rescues/_trace.html.erb (1.3ms)
  Rendered .bundle/gems/actionpack-4.2.11/lib/action_dispatch/middleware/templates/rescues/_request_and_response.html.erb (0.4ms)
  Rendered .bundle/gems/actionpack-4.2.11/lib/action_dispatch/middleware/templates/rescues/diagnostics.html.erb within rescues/layout (9.9ms)
  Rendered .bundle/gems/web-console-2.3.0/lib/web_console/templates/_markup.html.erb (0.1ms)
  Rendered .bundle/gems/web-console-2.3.0/lib/web_console/templates/_inner_console_markup.html.erb within layouts/inlined_string (0.1ms)
  Rendered .bundle/gems/web-console-2.3.0/lib/web_console/templates/_prompt_box_markup.html.erb within layouts/inlined_string (0.1ms)
  Rendered .bundle/gems/web-console-2.3.0/lib/web_console/templates/style.css.erb within layouts/inlined_string (0.2ms)
  Rendered .bundle/gems/web-console-2.3.0/lib/web_console/templates/console.js.erb within layouts/javascript (8.3ms)
  Rendered .bundle/gems/web-console-2.3.0/lib/web_console/templates/main.js.erb within layouts/javascript (0.1ms)
  Rendered .bundle/gems/web-console-2.3.0/lib/web_console/templates/error_page.js.erb within layouts/javascript (0.1ms)
  Rendered .bundle/gems/web-console-2.3.0/lib/web_console/templates/index.html.erb (14.4ms)


Started GET "/" for 127.0.0.1 at 2023-12-06 09:08:17 -0500


Started GET "/movies" for 127.0.0.1 at 2023-12-06 09:08:17 -0500
Processing by MoviesController#index as HTML
Redirected to http://localhost:3000/movies?ratings%5BG%5D=1&ratings%5BPG%5D=1&sort_by=id
Filter chain halted as :force_index_redirect rendered or redirected
Completed 302 Found in 5ms (ActiveRecord: 0.0ms)


Started GET "/movies?ratings%5BG%5D=1&ratings%5BPG%5D=1&sort_by=id" for 127.0.0.1 at 2023-12-06 09:08:17 -0500
Processing by MoviesController#index as HTML
  Parameters: {"ratings"=>{"G"=>"1", "PG"=>"1"}, "sort_by"=>"id"}
  [1m[36mMovie Load (0.1ms)[0m  [1mSELECT "movies".* FROM "movies" WHERE "movies"."rating" IN ('G', 'PG')  ORDER BY id[0m
  Rendered movies/index.html.erb within layouts/application (9.3ms)
  Rendered layouts/_flash.erb (0.3ms)
Completed 200 OK in 192ms (Views: 161.9ms | ActiveRecord: 0.9ms)


Started GET "/movies?utf8=%E2%9C%93&sort_by=id&ratings%5BG%5D=1&ratings%5BPG%5D=1&ratings%5BR%5D=1" for 127.0.0.1 at 2023-12-06 09:08:23 -0500
Processing by MoviesController#index as */*
  Parameters: {"utf8"=>"✓", "sort_by"=>"id", "ratings"=>{"G"=>"1", "PG"=>"1", "R"=>"1"}}
  [1m[35mMovie Load (0.2ms)[0m  SELECT "movies".* FROM "movies" WHERE "movies"."rating" IN ('G', 'PG', 'R')  ORDER BY id
  Rendered movies/index.html.erb within layouts/application (2.0ms)
  Rendered layouts/_flash.erb (0.3ms)
Completed 200 OK in 11ms (Views: 10.4ms | ActiveRecord: 0.2ms)


Started GET "/movies?utf8=%E2%9C%93&sort_by=id&ratings%5BG%5D=1&ratings%5BPG-13%5D=1&ratings%5BR%5D=1" for 127.0.0.1 at 2023-12-06 09:08:27 -0500
Processing by MoviesController#index as */*
  Parameters: {"utf8"=>"✓", "sort_by"=>"id", "ratings"=>{"G"=>"1", "PG-13"=>"1", "R"=>"1"}}
  [1m[36mMovie Load (0.2ms)[0m  [1mSELECT "movies".* FROM "movies" WHERE "movies"."rating" IN ('G', 'PG-13', 'R')  ORDER BY id[0m
  Rendered movies/index.html.erb within layouts/application (1.7ms)
  Rendered layouts/_flash.erb (0.1ms)
Completed 200 OK in 9ms (Views: 8.3ms | ActiveRecord: 0.2ms)


Started GET "/movies?utf8=%E2%9C%93&sort_by=id&ratings%5BG%5D=1&ratings%5BPG-13%5D=1&ratings%5BR%5D=1" for 127.0.0.1 at 2023-12-06 09:08:27 -0500
Processing by MoviesController#index as */*
  Parameters: {"utf8"=>"✓", "sort_by"=>"id", "ratings"=>{"G"=>"1", "PG-13"=>"1", "R"=>"1"}}
  [1m[35mMovie Load (0.3ms)[0m  SELECT "movies".* FROM "movies" WHERE "movies"."rating" IN ('G', 'PG-13', 'R')  ORDER BY id
  Rendered movies/index.html.erb within layouts/application (2.2ms)
  Rendered layouts/_flash.erb (0.1ms)
Completed 200 OK in 11ms (Views: 10.4ms | ActiveRecord: 0.3ms)


Started GET "/movies?utf8=%E2%9C%93&sort_by=id&ratings%5BG%5D=1&ratings%5BPG%5D=1&ratings%5BR%5D=1" for 127.0.0.1 at 2023-12-06 09:08:29 -0500
Processing by MoviesController#index as */*
  Parameters: {"utf8"=>"✓", "sort_by"=>"id", "ratings"=>{"G"=>"1", "PG"=>"1", "R"=>"1"}}
  [1m[36mMovie Load (0.2ms)[0m  [1mSELECT "movies".* FROM "movies" WHERE "movies"."rating" IN ('G', 'PG', 'R')  ORDER BY id[0m
  Rendered movies/index.html.erb within layouts/application (1.4ms)
  Rendered layouts/_flash.erb (0.0ms)
Completed 200 OK in 9ms (Views: 8.7ms | ActiveRecord: 0.2ms)


Started GET "/movies?utf8=%E2%9C%93&sort_by=id&ratings%5BG%5D=1&ratings%5BPG%5D=1&ratings%5BR%5D=1" for 127.0.0.1 at 2023-12-06 09:08:29 -0500
Processing by MoviesController#index as */*
  Parameters: {"utf8"=>"✓", "sort_by"=>"id", "ratings"=>{"G"=>"1", "PG"=>"1", "R"=>"1"}}
  [1m[35mMovie Load (0.3ms)[0m  SELECT "movies".* FROM "movies" WHERE "movies"."rating" IN ('G', 'PG', 'R')  ORDER BY id
  Rendered movies/index.html.erb within layouts/application (2.3ms)
  Rendered layouts/_flash.erb (0.1ms)
Completed 200 OK in 14ms (Views: 12.2ms | ActiveRecord: 0.3ms)


Started GET "/movies?utf8=%E2%9C%93&sort_by=id&ratings%5BG%5D=1&ratings%5BPG%5D=1&ratings%5BR%5D=1" for 127.0.0.1 at 2023-12-06 09:08:29 -0500
Processing by MoviesController#index as */*
  Parameters: {"utf8"=>"✓", "sort_by"=>"id", "ratings"=>{"G"=>"1", "PG"=>"1", "R"=>"1"}}
  [1m[36mMovie Load (0.2ms)[0m  [1mSELECT "movies".* FROM "movies" WHERE "movies"."rating" IN ('G', 'PG', 'R')  ORDER BY id[0m
  Rendered movies/index.html.erb within layouts/application (1.7ms)
  Rendered layouts/_flash.erb (0.0ms)
Completed 200 OK in 8ms (Views: 7.4ms | ActiveRecord: 0.2ms)


Started GET "/movies?utf8=%E2%9C%93&sort_by=id&ratings%5BPG-13%5D=1" for 127.0.0.1 at 2023-12-06 09:08:39 -0500
Processing by MoviesController#index as */*
  Parameters: {"utf8"=>"✓", "sort_by"=>"id", "ratings"=>{"PG-13"=>"1"}}
  [1m[35mMovie Load (0.1ms)[0m  SELECT "movies".* FROM "movies" WHERE "movies"."rating" = 'PG-13'  ORDER BY id
  Rendered movies/index.html.erb within layouts/application (1.2ms)
  Rendered layouts/_flash.erb (0.1ms)
Completed 200 OK in 13ms (Views: 11.3ms | ActiveRecord: 0.1ms)


Started GET "/movies?utf8=%E2%9C%93&sort_by=id&ratings%5BPG-13%5D=1" for 127.0.0.1 at 2023-12-06 09:08:39 -0500
Processing by MoviesController#index as */*
  Parameters: {"utf8"=>"✓", "sort_by"=>"id", "ratings"=>{"PG-13"=>"1"}}
  [1m[36mMovie Load (0.4ms)[0m  [1mSELECT "movies".* FROM "movies" WHERE "movies"."rating" = 'PG-13'  ORDER BY id[0m
  Rendered movies/index.html.erb within layouts/application (2.6ms)
  Rendered layouts/_flash.erb (0.1ms)
Completed 200 OK in 12ms (Views: 11.5ms | ActiveRecord: 0.4ms)


Started GET "/movies?utf8=%E2%9C%93&sort_by=id&ratings%5BPG-13%5D=1" for 127.0.0.1 at 2023-12-06 09:08:39 -0500
Processing by MoviesController#index as */*
  Parameters: {"utf8"=>"✓", "sort_by"=>"id", "ratings"=>{"PG-13"=>"1"}}
  [1m[35mMovie Load (0.1ms)[0m  SELECT "movies".* FROM "movies" WHERE "movies"."rating" = 'PG-13'  ORDER BY id
  Rendered movies/index.html.erb within layouts/application (1.1ms)
  Rendered layouts/_flash.erb (0.1ms)
Completed 200 OK in 9ms (Views: 8.1ms | ActiveRecord: 0.1ms)


Started GET "/movies?utf8=%E2%9C%93&sort_by=id&ratings%5BPG-13%5D=1" for 127.0.0.1 at 2023-12-06 09:08:39 -0500
Processing by MoviesController#index as */*
  Parameters: {"utf8"=>"✓", "sort_by"=>"id", "ratings"=>{"PG-13"=>"1"}}
  [1m[36mMovie Load (0.2ms)[0m  [1mSELECT "movies".* FROM "movies" WHERE "movies"."rating" = 'PG-13'  ORDER BY id[0m
  Rendered movies/index.html.erb within layouts/application (2.2ms)
  Rendered layouts/_flash.erb (0.2ms)
Completed 200 OK in 11ms (Views: 10.4ms | ActiveRecord: 0.2ms)


Started GET "/movies?utf8=%E2%9C%93&sort_by=id&ratings%5BR%5D=1" for 127.0.0.1 at 2023-12-06 09:08:48 -0500
Processing by MoviesController#index as */*
  Parameters: {"utf8"=>"✓", "sort_by"=>"id", "ratings"=>{"R"=>"1"}}
  [1m[35mMovie Load (0.1ms)[0m  SELECT "movies".* FROM "movies" WHERE "movies"."rating" = 'R'  ORDER BY id
  Rendered movies/index.html.erb within layouts/application (1.1ms)
  Rendered layouts/_flash.erb (0.1ms)
Completed 200 OK in 9ms (Views: 8.1ms | ActiveRecord: 0.1ms)


Started GET "/movies?utf8=%E2%9C%93&sort_by=id&ratings%5BR%5D=1" for 127.0.0.1 at 2023-12-06 09:08:48 -0500
Processing by MoviesController#index as */*
  Parameters: {"utf8"=>"✓", "sort_by"=>"id", "ratings"=>{"R"=>"1"}}
  [1m[36mMovie Load (0.2ms)[0m  [1mSELECT "movies".* FROM "movies" WHERE "movies"."rating" = 'R'  ORDER BY id[0m
  Rendered movies/index.html.erb within layouts/application (1.6ms)
  Rendered layouts/_flash.erb (0.1ms)
Completed 200 OK in 9ms (Views: 8.3ms | ActiveRecord: 0.2ms)


Started GET "/movies?utf8=%E2%9C%93&sort_by=id&ratings%5BR%5D=1" for 127.0.0.1 at 2023-12-06 09:08:48 -0500
Processing by MoviesController#index as */*
  Parameters: {"utf8"=>"✓", "sort_by"=>"id", "ratings"=>{"R"=>"1"}}
  [1m[35mMovie Load (0.4ms)[0m  SELECT "movies".* FROM "movies" WHERE "movies"."rating" = 'R'  ORDER BY id
  Rendered movies/index.html.erb within layouts/application (1.7ms)
  Rendered layouts/_flash.erb (0.0ms)
Completed 200 OK in 8ms (Views: 7.4ms | ActiveRecord: 0.4ms)


Started GET "/movies?utf8=%E2%9C%93&sort_by=id&ratings%5BR%5D=1" for 127.0.0.1 at 2023-12-06 09:08:48 -0500
Processing by MoviesController#index as */*
  Parameters: {"utf8"=>"✓", "sort_by"=>"id", "ratings"=>{"R"=>"1"}}
  [1m[36mMovie Load (0.2ms)[0m  [1mSELECT "movies".* FROM "movies" WHERE "movies"."rating" = 'R'  ORDER BY id[0m
  Rendered movies/index.html.erb within layouts/application (1.3ms)
  Rendered layouts/_flash.erb (0.1ms)
Completed 200 OK in 9ms (Views: 7.8ms | ActiveRecord: 0.2ms)


Started GET "/movies?utf8=%E2%9C%93&sort_by=id&ratings%5BR%5D=1" for 127.0.0.1 at 2023-12-06 09:08:48 -0500
Processing by MoviesController#index as */*
  Parameters: {"utf8"=>"✓", "sort_by"=>"id", "ratings"=>{"R"=>"1"}}
  [1m[35mMovie Load (0.1ms)[0m  SELECT "movies".* FROM "movies" WHERE "movies"."rating" = 'R'  ORDER BY id
  Rendered movies/index.html.erb within layouts/application (1.4ms)
  Rendered layouts/_flash.erb (0.1ms)
Completed 200 OK in 11ms (Views: 9.9ms | ActiveRecord: 0.1ms)


Started GET "/movies?ratings%5BG%5D=1&ratings%5BPG%5D=1&sort_by=id" for 127.0.0.1 at 2023-12-06 09:09:38 -0500
Processing by MoviesController#index as HTML
  Parameters: {"ratings"=>{"G"=>"1", "PG"=>"1"}, "sort_by"=>"id"}
  [1m[36mMovie Load (0.2ms)[0m  [1mSELECT "movies".* FROM "movies" WHERE "movies"."rating" IN ('G', 'PG')  ORDER BY id[0m
  Rendered movies/index.html.erb within layouts/application (9.6ms)
  Rendered layouts/_flash.erb (0.3ms)
Completed 200 OK in 175ms (Views: 155.8ms | ActiveRecord: 1.2ms)


Started GET "/movies?utf8=%E2%9C%93&sort_by=id&ratings%5BPG%5D=1" for 127.0.0.1 at 2023-12-06 09:09:42 -0500
Processing by MoviesController#index as */*
  Parameters: {"utf8"=>"✓", "sort_by"=>"id", "ratings"=>{"PG"=>"1"}}
  [1m[35mMovie Load (0.1ms)[0m  SELECT "movies".* FROM "movies" WHERE "movies"."rating" = 'PG'  ORDER BY id
  Rendered movies/index.html.erb within layouts/application (2.4ms)
  Rendered layouts/_flash.erb (0.5ms)
Completed 200 OK in 11ms (Views: 10.1ms | ActiveRecord: 0.1ms)


Started GET "/movies?ratings%5BG%5D=1&ratings%5BPG%5D=1&sort_by=id" for 127.0.0.1 at 2023-12-06 09:10:55 -0500
Processing by MoviesController#index as HTML
  Parameters: {"ratings"=>{"G"=>"1", "PG"=>"1"}, "sort_by"=>"id"}
  [1m[36mMovie Load (0.1ms)[0m  [1mSELECT "movies".* FROM "movies" WHERE "movies"."rating" IN ('G', 'PG')  ORDER BY id[0m
  Rendered movies/index.html.erb within layouts/application (8.3ms)
  Rendered layouts/_flash.erb (0.4ms)
Completed 200 OK in 179ms (Views: 151.0ms | ActiveRecord: 1.2ms)


Started GET "/movies?utf8=%E2%9C%93&sort_by=id&ratings%5BG%5D=1&ratings%5BPG%5D=1&ratings%5BPG-13%5D=1" for 127.0.0.1 at 2023-12-06 09:10:58 -0500
Processing by MoviesController#index as */*
  Parameters: {"utf8"=>"✓", "sort_by"=>"id", "ratings"=>{"G"=>"1", "PG"=>"1", "PG-13"=>"1"}}
  [1m[35mMovie Load (0.3ms)[0m  SELECT "movies".* FROM "movies" WHERE "movies"."rating" IN ('G', 'PG', 'PG-13')  ORDER BY id
  Rendered movies/index.html.erb within layouts/application (4.3ms)
  Rendered layouts/_flash.erb (0.3ms)
Completed 200 OK in 16ms (Views: 14.4ms | ActiveRecord: 0.3ms)


Started GET "/movies?utf8=%E2%9C%93&sort_by=id&ratings%5BR%5D=1" for 127.0.0.1 at 2023-12-06 09:11:02 -0500
Processing by MoviesController#index as */*
  Parameters: {"utf8"=>"✓", "sort_by"=>"id", "ratings"=>{"R"=>"1"}}
  [1m[36mMovie Load (0.1ms)[0m  [1mSELECT "movies".* FROM "movies" WHERE "movies"."rating" = 'R'  ORDER BY id[0m
  Rendered movies/index.html.erb within layouts/application (1.3ms)
  Rendered layouts/_flash.erb (0.1ms)
Completed 200 OK in 10ms (Views: 9.3ms | ActiveRecord: 0.1ms)


Started GET "/movies?utf8=%E2%9C%93&sort_by=id&ratings%5BR%5D=1" for 127.0.0.1 at 2023-12-06 09:11:02 -0500
Processing by MoviesController#index as */*
  Parameters: {"utf8"=>"✓", "sort_by"=>"id", "ratings"=>{"R"=>"1"}}
  [1m[35mMovie Load (0.1ms)[0m  SELECT "movies".* FROM "movies" WHERE "movies"."rating" = 'R'  ORDER BY id
  Rendered movies/index.html.erb within layouts/application (1.4ms)
  Rendered layouts/_flash.erb (0.1ms)
Completed 200 OK in 9ms (Views: 8.1ms | ActiveRecord: 0.1ms)


Started GET "/movies?utf8=%E2%9C%93&sort_by=id&ratings%5BG%5D=1&commit=Refresh" for 127.0.0.1 at 2023-12-06 09:11:08 -0500
Processing by MoviesController#index as HTML
  Parameters: {"utf8"=>"✓", "sort_by"=>"id", "ratings"=>{"G"=>"1"}, "commit"=>"Refresh"}
  [1m[36mMovie Load (0.1ms)[0m  [1mSELECT "movies".* FROM "movies" WHERE "movies"."rating" = 'G'  ORDER BY id[0m
  Rendered movies/index.html.erb within layouts/application (1.3ms)
  Rendered layouts/_flash.erb (0.3ms)
Completed 200 OK in 9ms (Views: 8.1ms | ActiveRecord: 0.1ms)


Started GET "/movies?utf8=%E2%9C%93&sort_by=id&ratings%5BG%5D=1&ratings%5BR%5D=1" for 127.0.0.1 at 2023-12-06 09:11:11 -0500
Processing by MoviesController#index as */*
  Parameters: {"utf8"=>"✓", "sort_by"=>"id", "ratings"=>{"G"=>"1", "R"=>"1"}}
  [1m[35mMovie Load (0.2ms)[0m  SELECT "movies".* FROM "movies" WHERE "movies"."rating" IN ('G', 'R')  ORDER BY id
  Rendered movies/index.html.erb within layouts/application (2.4ms)
  Rendered layouts/_flash.erb (0.0ms)
Completed 200 OK in 13ms (Views: 12.1ms | ActiveRecord: 0.2ms)


Started GET "/movies?utf8=%E2%9C%93&sort_by=id&ratings%5BR%5D=1&commit=Refresh" for 127.0.0.1 at 2023-12-06 09:11:27 -0500
Processing by MoviesController#index as HTML
  Parameters: {"utf8"=>"✓", "sort_by"=>"id", "ratings"=>{"R"=>"1"}, "commit"=>"Refresh"}
  [1m[36mMovie Load (0.2ms)[0m  [1mSELECT "movies".* FROM "movies" WHERE "movies"."rating" = 'R'  ORDER BY id[0m
  Rendered movies/index.html.erb within layouts/application (1.2ms)
  Rendered layouts/_flash.erb (0.0ms)
Completed 200 OK in 5ms (Views: 4.7ms | ActiveRecord: 0.2ms)


Started GET "/" for 127.0.0.1 at 2023-12-06 09:16:49 -0500


Started GET "/movies" for 127.0.0.1 at 2023-12-06 09:16:49 -0500
Processing by MoviesController#index as HTML
Redirected to http://localhost:3000/movies?ratings%5BR%5D=1&sort_by=id
Filter chain halted as :force_index_redirect rendered or redirected
Completed 302 Found in 6ms (ActiveRecord: 0.0ms)


Started GET "/movies?ratings%5BR%5D=1&sort_by=id" for 127.0.0.1 at 2023-12-06 09:16:49 -0500
Processing by MoviesController#index as HTML
  Parameters: {"ratings"=>{"R"=>"1"}, "sort_by"=>"id"}
  Rendered movies/index.html.erb within layouts/application (0.7ms)
Completed 500 Internal Server Error in 28ms (ActiveRecord: 0.0ms)

SyntaxError (/home/miguelubuntu/Escritorio/PC5_CC3S2/PracticaCalificada5-CC3S2/BDD-Cucumber/app/views/movies/index.html.erb:38: syntax error, unexpected '<', expecting ']'
      <tr>
      ^
/home/miguelubuntu/Escritorio/PC5_CC3S2/PracticaCalificada5-CC3S2/BDD-Cucumber/app/views/movies/index.html.erb:58: syntax error, unexpected ensure, expecting end-of-input
          ensure
          ^~~~~~):
  app/views/movies/index.html.erb:38: syntax error, unexpected '<', expecting ']'
  app/views/movies/index.html.erb:58: syntax error, unexpected ensure, expecting end-of-input


  Rendered .bundle/gems/actionpack-4.2.11/lib/action_dispatch/middleware/templates/rescues/_source.erb (14.1ms)
  Rendered .bundle/gems/actionpack-4.2.11/lib/action_dispatch/middleware/templates/rescues/_trace.html.erb (5.6ms)
  Rendered .bundle/gems/actionpack-4.2.11/lib/action_dispatch/middleware/templates/rescues/_request_and_response.html.erb (3.5ms)
  Rendered .bundle/gems/actionpack-4.2.11/lib/action_dispatch/middleware/templates/rescues/diagnostics.html.erb within rescues/layout (30.6ms)
  Rendered .bundle/gems/web-console-2.3.0/lib/web_console/templates/_markup.html.erb (0.8ms)
  Rendered .bundle/gems/web-console-2.3.0/lib/web_console/templates/_inner_console_markup.html.erb within layouts/inlined_string (0.2ms)
  Rendered .bundle/gems/web-console-2.3.0/lib/web_console/templates/_prompt_box_markup.html.erb within layouts/inlined_string (0.2ms)
  Rendered .bundle/gems/web-console-2.3.0/lib/web_console/templates/style.css.erb within layouts/inlined_string (0.2ms)
  Rendered .bundle/gems/web-console-2.3.0/lib/web_console/templates/console.js.erb within layouts/javascript (16.0ms)
  Rendered .bundle/gems/web-console-2.3.0/lib/web_console/templates/main.js.erb within layouts/javascript (0.8ms)
  Rendered .bundle/gems/web-console-2.3.0/lib/web_console/templates/error_page.js.erb within layouts/javascript (0.8ms)
  Rendered .bundle/gems/web-console-2.3.0/lib/web_console/templates/index.html.erb (28.1ms)


Started GET "/movies?ratings%5BR%5D=1&sort_by=id" for 127.0.0.1 at 2023-12-06 09:17:21 -0500
Processing by MoviesController#index as HTML
  Parameters: {"ratings"=>{"R"=>"1"}, "sort_by"=>"id"}
  Rendered movies/index.html.erb within layouts/application (0.6ms)
Completed 500 Internal Server Error in 25ms (ActiveRecord: 0.0ms)

SyntaxError (/home/miguelubuntu/Escritorio/PC5_CC3S2/PracticaCalificada5-CC3S2/BDD-Cucumber/app/views/movies/index.html.erb:38: syntax error, unexpected '<', expecting ']'
      <tr>
      ^
/home/miguelubuntu/Escritorio/PC5_CC3S2/PracticaCalificada5-CC3S2/BDD-Cucumber/app/views/movies/index.html.erb:58: syntax error, unexpected ensure, expecting end-of-input
          ensure
          ^~~~~~):
  app/views/movies/index.html.erb:38: syntax error, unexpected '<', expecting ']'
  app/views/movies/index.html.erb:58: syntax error, unexpected ensure, expecting end-of-input


  Rendered .bundle/gems/actionpack-4.2.11/lib/action_dispatch/middleware/templates/rescues/_source.erb (2.6ms)
  Rendered .bundle/gems/actionpack-4.2.11/lib/action_dispatch/middleware/templates/rescues/_trace.html.erb (2.2ms)
  Rendered .bundle/gems/actionpack-4.2.11/lib/action_dispatch/middleware/templates/rescues/_request_and_response.html.erb (0.5ms)
  Rendered .bundle/gems/actionpack-4.2.11/lib/action_dispatch/middleware/templates/rescues/diagnostics.html.erb within rescues/layout (10.2ms)
  Rendered .bundle/gems/web-console-2.3.0/lib/web_console/templates/_markup.html.erb (0.2ms)
  Rendered .bundle/gems/web-console-2.3.0/lib/web_console/templates/_inner_console_markup.html.erb within layouts/inlined_string (0.1ms)
  Rendered .bundle/gems/web-console-2.3.0/lib/web_console/templates/_prompt_box_markup.html.erb within layouts/inlined_string (0.1ms)
  Rendered .bundle/gems/web-console-2.3.0/lib/web_console/templates/style.css.erb within layouts/inlined_string (0.1ms)
  Rendered .bundle/gems/web-console-2.3.0/lib/web_console/templates/console.js.erb within layouts/javascript (7.1ms)
  Rendered .bundle/gems/web-console-2.3.0/lib/web_console/templates/main.js.erb within layouts/javascript (0.1ms)
  Rendered .bundle/gems/web-console-2.3.0/lib/web_console/templates/error_page.js.erb within layouts/javascript (0.3ms)
  Rendered .bundle/gems/web-console-2.3.0/lib/web_console/templates/index.html.erb (14.9ms)


Started GET "/movies?ratings%5BR%5D=1&sort_by=id" for 127.0.0.1 at 2023-12-06 09:18:20 -0500
Processing by MoviesController#index as HTML
  Parameters: {"ratings"=>{"R"=>"1"}, "sort_by"=>"id"}
  [1m[36mMovie Load (0.3ms)[0m  [1mSELECT "movies".* FROM "movies" WHERE "movies"."rating" = 'R'  ORDER BY id[0m
  Rendered movies/index.html.erb within layouts/application (10.2ms)
  Rendered layouts/_flash.erb (0.2ms)
Completed 200 OK in 172ms (Views: 152.0ms | ActiveRecord: 1.8ms)


Started GET "/movies?utf8=%E2%9C%93&sort_by=id&ratings%5BPG%5D=2&ratings%5BR%5D=2&commit=Refresh" for 127.0.0.1 at 2023-12-06 09:18:25 -0500
Processing by MoviesController#index as HTML
  Parameters: {"utf8"=>"✓", "sort_by"=>"id", "ratings"=>{"PG"=>"2", "R"=>"2"}, "commit"=>"Refresh"}
  [1m[35mMovie Load (0.2ms)[0m  SELECT "movies".* FROM "movies" WHERE "movies"."rating" IN ('PG', 'R')  ORDER BY id
  Rendered movies/index.html.erb within layouts/application (1.7ms)
  Rendered layouts/_flash.erb (0.1ms)
Completed 200 OK in 11ms (Views: 9.9ms | ActiveRecord: 0.2ms)


Started GET "/movies?utf8=%E2%9C%93&sort_by=id&ratings%5BPG%5D=2&ratings%5BPG-13%5D=2&ratings%5BR%5D=2&commit=Refresh" for 127.0.0.1 at 2023-12-06 09:18:28 -0500
Processing by MoviesController#index as HTML
  Parameters: {"utf8"=>"✓", "sort_by"=>"id", "ratings"=>{"PG"=>"2", "PG-13"=>"2", "R"=>"2"}, "commit"=>"Refresh"}
  [1m[36mMovie Load (0.3ms)[0m  [1mSELECT "movies".* FROM "movies" WHERE "movies"."rating" IN ('PG', 'PG-13', 'R')  ORDER BY id[0m
  Rendered movies/index.html.erb within layouts/application (1.9ms)
  Rendered layouts/_flash.erb (0.0ms)
Completed 200 OK in 7ms (Views: 6.3ms | ActiveRecord: 0.3ms)


Started GET "/movies?utf8=%E2%9C%93&sort_by=id&ratings%5BG%5D=2&ratings%5BPG%5D=2&ratings%5BPG-13%5D=2&ratings%5BR%5D=2&commit=Refresh" for 127.0.0.1 at 2023-12-06 09:18:30 -0500
Processing by MoviesController#index as HTML
  Parameters: {"utf8"=>"✓", "sort_by"=>"id", "ratings"=>{"G"=>"2", "PG"=>"2", "PG-13"=>"2", "R"=>"2"}, "commit"=>"Refresh"}
  [1m[35mMovie Load (0.2ms)[0m  SELECT "movies".* FROM "movies" WHERE "movies"."rating" IN ('G', 'PG', 'PG-13', 'R')  ORDER BY id
  Rendered movies/index.html.erb within layouts/application (1.9ms)
  Rendered layouts/_flash.erb (0.0ms)
Completed 200 OK in 8ms (Views: 6.8ms | ActiveRecord: 0.2ms)


Started GET "/movies?utf8=%E2%9C%93&sort_by=id&ratings%5BR%5D=2&commit=Refresh" for 127.0.0.1 at 2023-12-06 09:18:33 -0500
Processing by MoviesController#index as HTML
  Parameters: {"utf8"=>"✓", "sort_by"=>"id", "ratings"=>{"R"=>"2"}, "commit"=>"Refresh"}
  [1m[36mMovie Load (0.2ms)[0m  [1mSELECT "movies".* FROM "movies" WHERE "movies"."rating" = 'R'  ORDER BY id[0m
  Rendered movies/index.html.erb within layouts/application (23.8ms)
  Rendered layouts/_flash.erb (0.0ms)
Completed 200 OK in 31ms (Views: 30.4ms | ActiveRecord: 0.2ms)


Started GET "/" for 127.0.0.1 at 2023-12-07 00:41:59 -0500


Started GET "/movies" for 127.0.0.1 at 2023-12-07 00:41:59 -0500
Processing by MoviesController#index as HTML
Redirected to http://localhost:3000/movies?ratings%5BG%5D=1&ratings%5BPG%5D=1&ratings%5BPG-13%5D=1&ratings%5BR%5D=1&sort_by=id
Filter chain halted as :force_index_redirect rendered or redirected
Completed 302 Found in 25ms (ActiveRecord: 0.0ms)


Started GET "/movies?ratings%5BG%5D=1&ratings%5BPG%5D=1&ratings%5BPG-13%5D=1&ratings%5BR%5D=1&sort_by=id" for 127.0.0.1 at 2023-12-07 00:41:59 -0500
Processing by MoviesController#index as HTML
  Parameters: {"ratings"=>{"G"=>"1", "PG"=>"1", "PG-13"=>"1", "R"=>"1"}, "sort_by"=>"id"}
  [1m[36mMovie Load (0.1ms)[0m  [1mSELECT "movies".* FROM "movies" WHERE "movies"."rating" IN ('G', 'PG', 'PG-13', 'R')  ORDER BY id[0m
  Rendered movies/index.html.erb within layouts/application (14.0ms)
  Rendered layouts/_flash.erb (0.5ms)
Completed 200 OK in 229ms (Views: 220.3ms | ActiveRecord: 1.9ms)


Started GET "/movies?utf8=%E2%9C%93&sort_by=id&ratings%5BG%5D=2&ratings%5BPG%5D=2&ratings%5BR%5D=2&commit=Refresh" for 127.0.0.1 at 2023-12-07 00:42:02 -0500
Processing by MoviesController#index as HTML
  Parameters: {"utf8"=>"✓", "sort_by"=>"id", "ratings"=>{"G"=>"2", "PG"=>"2", "R"=>"2"}, "commit"=>"Refresh"}
  [1m[35mMovie Load (0.2ms)[0m  SELECT "movies".* FROM "movies" WHERE "movies"."rating" IN ('G', 'PG', 'R')  ORDER BY id
  Rendered movies/index.html.erb within layouts/application (2.3ms)
  Rendered layouts/_flash.erb (0.1ms)
Completed 200 OK in 10ms (Views: 9.2ms | ActiveRecord: 0.2ms)


Started GET "/movies/1" for 127.0.0.1 at 2023-12-07 00:42:04 -0500
Processing by MoviesController#show as HTML
  Parameters: {"id"=>"1"}
  [1m[36mMovie Load (0.4ms)[0m  [1mSELECT  "movies".* FROM "movies" WHERE "movies"."id" = ? LIMIT 1[0m  [["id", 1]]
  Rendered movies/show.html.erb within layouts/application (1.2ms)
  Rendered layouts/_flash.erb (0.1ms)
Completed 200 OK in 13ms (Views: 8.9ms | ActiveRecord: 0.4ms)


Started GET "/movies/1/edit" for 127.0.0.1 at 2023-12-07 00:42:06 -0500
Processing by MoviesController#edit as HTML
  Parameters: {"id"=>"1"}
  [1m[35mMovie Load (0.1ms)[0m  SELECT  "movies".* FROM "movies" WHERE "movies"."id" = ? LIMIT 1  [["id", 1]]
  Rendered movies/edit.html.erb within layouts/application (19.8ms)
  Rendered layouts/_flash.erb (0.1ms)
Completed 200 OK in 51ms (Views: 49.8ms | ActiveRecord: 0.1ms)


Started PUT "/movies/1" for 127.0.0.1 at 2023-12-07 00:42:17 -0500
Processing by MoviesController#update as HTML
  Parameters: {"utf8"=>"✓", "authenticity_token"=>"dVsKLeRcfkHccDCHY7QVZylcXEYBRcnRgMhDpf8Ny8bbG55RaAQ3HJ4rTcLeke8qJurRC064fwlIb/0P8e91qg==", "movie"=>{"title"=>"Aladdin", "rating"=>"R", "release_date(1i)"=>"1992", "release_date(2i)"=>"11", "release_date(3i)"=>"25"}, "commit"=>"Update Movie Info", "id"=>"1"}
  [1m[36mMovie Load (0.1ms)[0m  [1mSELECT  "movies".* FROM "movies" WHERE "movies"."id" = ? LIMIT 1[0m  [["id", 1]]
Completed 500 Internal Server Error in 20ms (ActiveRecord: 0.1ms)

NameError (undefined local variable or method `movie_params' for #<MoviesController:0x0000557324ebb788>
Did you mean?  movie_path):
  app/controllers/movies_controller.rb:41:in `update'


  Rendered .bundle/gems/actionpack-4.2.11/lib/action_dispatch/middleware/templates/rescues/_source.erb (2.9ms)
  Rendered .bundle/gems/actionpack-4.2.11/lib/action_dispatch/middleware/templates/rescues/_trace.html.erb (1.3ms)
  Rendered .bundle/gems/actionpack-4.2.11/lib/action_dispatch/middleware/templates/rescues/_request_and_response.html.erb (0.6ms)
  Rendered .bundle/gems/actionpack-4.2.11/lib/action_dispatch/middleware/templates/rescues/diagnostics.html.erb within rescues/layout (15.6ms)
  Rendered .bundle/gems/web-console-2.3.0/lib/web_console/templates/_markup.html.erb (0.7ms)
  Rendered .bundle/gems/web-console-2.3.0/lib/web_console/templates/_inner_console_markup.html.erb within layouts/inlined_string (0.2ms)
  Rendered .bundle/gems/web-console-2.3.0/lib/web_console/templates/_prompt_box_markup.html.erb within layouts/inlined_string (0.2ms)
  Rendered .bundle/gems/web-console-2.3.0/lib/web_console/templates/style.css.erb within layouts/inlined_string (0.5ms)
  Rendered .bundle/gems/web-console-2.3.0/lib/web_console/templates/console.js.erb within layouts/javascript (11.4ms)
  Rendered .bundle/gems/web-console-2.3.0/lib/web_console/templates/main.js.erb within layouts/javascript (0.2ms)
  Rendered .bundle/gems/web-console-2.3.0/lib/web_console/templates/error_page.js.erb within layouts/javascript (0.2ms)
  Rendered .bundle/gems/web-console-2.3.0/lib/web_console/templates/index.html.erb (21.7ms)


Started GET "/movies/1" for 127.0.0.1 at 2023-12-07 00:42:27 -0500
Processing by MoviesController#show as HTML
  Parameters: {"id"=>"1"}
  [1m[35mMovie Load (0.2ms)[0m  SELECT  "movies".* FROM "movies" WHERE "movies"."id" = ? LIMIT 1  [["id", 1]]
  Rendered movies/show.html.erb within layouts/application (0.8ms)
  Rendered layouts/_flash.erb (0.1ms)
Completed 200 OK in 27ms (Views: 25.9ms | ActiveRecord: 0.2ms)


Started GET "/" for 127.0.0.1 at 2023-12-12 19:53:39 -0500


Started GET "/movies" for 127.0.0.1 at 2023-12-12 19:53:40 -0500
Processing by MoviesController#index as HTML
Redirected to http://localhost:3000/movies?ratings%5BG%5D=1&ratings%5BPG%5D=1&ratings%5BPG-13%5D=1&ratings%5BR%5D=1&sort_by=id
Filter chain halted as :force_index_redirect rendered or redirected
Completed 302 Found in 34ms (ActiveRecord: 0.0ms)


Started GET "/movies?ratings%5BG%5D=1&ratings%5BPG%5D=1&ratings%5BPG-13%5D=1&ratings%5BR%5D=1&sort_by=id" for 127.0.0.1 at 2023-12-12 19:53:40 -0500
Processing by MoviesController#index as HTML
  Parameters: {"ratings"=>{"G"=>"1", "PG"=>"1", "PG-13"=>"1", "R"=>"1"}, "sort_by"=>"id"}
  [1m[36mMovie Load (0.3ms)[0m  [1mSELECT "movies".* FROM "movies" WHERE "movies"."rating" IN ('G', 'PG', 'PG-13', 'R')  ORDER BY id[0m
  Rendered movies/index.html.erb within layouts/application (34.3ms)
  Rendered layouts/_flash.erb (0.6ms)
Completed 200 OK in 327ms (Views: 318.1ms | ActiveRecord: 3.5ms)


Started GET "/assets/application.self-e80e8f2318043e8af94dddc2adad5a4f09739a8ebb323b3ab31cd71d45fd9113.css?body=1" for 127.0.0.1 at 2023-12-12 19:53:40 -0500


Started GET "/assets/application.self-377610cd7c1509e934744c810e3b4cf672dfbcacac3274e7d039827e2ae0fcc7.js?body=1" for 127.0.0.1 at 2023-12-12 19:53:40 -0500


Started GET "/" for 127.0.0.1 at 2023-12-12 21:55:40 -0500


Started GET "/movies" for 127.0.0.1 at 2023-12-12 21:55:40 -0500
Processing by MoviesController#index as HTML
Redirected to http://localhost:3000/movies?ratings%5BG%5D=1&ratings%5BPG%5D=1&ratings%5BPG-13%5D=1&ratings%5BR%5D=1&sort_by=id
Filter chain halted as :force_index_redirect rendered or redirected
Completed 302 Found in 4ms (ActiveRecord: 0.0ms)


Started GET "/movies?ratings%5BG%5D=1&ratings%5BPG%5D=1&ratings%5BPG-13%5D=1&ratings%5BR%5D=1&sort_by=id" for 127.0.0.1 at 2023-12-12 21:55:40 -0500
Processing by MoviesController#index as HTML
  Parameters: {"ratings"=>{"G"=>"1", "PG"=>"1", "PG-13"=>"1", "R"=>"1"}, "sort_by"=>"id"}
  [1m[36mMovie Load (0.2ms)[0m  [1mSELECT "movies".* FROM "movies" WHERE "movies"."rating" IN ('G', 'PG', 'PG-13', 'R')  ORDER BY id[0m
  Rendered movies/index.html.erb within layouts/application (11.7ms)
  Rendered layouts/_flash.erb (0.3ms)
Completed 200 OK in 227ms (Views: 183.2ms | ActiveRecord: 1.3ms)


Started GET "/movies/1" for 127.0.0.1 at 2023-12-12 21:55:43 -0500
Processing by MoviesController#show as HTML
  Parameters: {"id"=>"1"}
  [1m[35mMovie Load (0.1ms)[0m  SELECT  "movies".* FROM "movies" WHERE "movies"."id" = ? LIMIT 1  [["id", 1]]
  Rendered movies/show.html.erb within layouts/application (0.6ms)
  Rendered layouts/_flash.erb (0.0ms)
Completed 200 OK in 8ms (Views: 6.0ms | ActiveRecord: 0.1ms)


Started GET "/movies/99999" for 127.0.0.1 at 2023-12-12 21:55:47 -0500
Processing by MoviesController#show as HTML
  Parameters: {"id"=>"99999"}
  [1m[36mMovie Load (0.2ms)[0m  [1mSELECT  "movies".* FROM "movies" WHERE "movies"."id" = ? LIMIT 1[0m  [["id", 99999]]
Redirected to http://localhost:3000/movies
Completed 302 Found in 1ms (ActiveRecord: 0.2ms)


Started GET "/movies" for 127.0.0.1 at 2023-12-12 21:55:47 -0500
Processing by MoviesController#index as HTML
Redirected to http://localhost:3000/movies?ratings%5BG%5D=1&ratings%5BPG%5D=1&ratings%5BPG-13%5D=1&ratings%5BR%5D=1&sort_by=id
Filter chain halted as :force_index_redirect rendered or redirected
Completed 302 Found in 1ms (ActiveRecord: 0.0ms)


Started GET "/movies?ratings%5BG%5D=1&ratings%5BPG%5D=1&ratings%5BPG-13%5D=1&ratings%5BR%5D=1&sort_by=id" for 127.0.0.1 at 2023-12-12 21:55:47 -0500
Processing by MoviesController#index as HTML
  Parameters: {"ratings"=>{"G"=>"1", "PG"=>"1", "PG-13"=>"1", "R"=>"1"}, "sort_by"=>"id"}
  [1m[35mMovie Load (0.2ms)[0m  SELECT "movies".* FROM "movies" WHERE "movies"."rating" IN ('G', 'PG', 'PG-13', 'R')  ORDER BY id
  Rendered movies/index.html.erb within layouts/application (1.8ms)
  Rendered layouts/_flash.erb (0.1ms)
Completed 200 OK in 8ms (Views: 7.2ms | ActiveRecord: 0.2ms)
